=(0.000) SELECT "django_session"."session_key", "django_session"."session_data", "django_session"."expire_date" FROM "django_session" WHERE ("django_session"."expire_date" > '2024-11-03 05:01:46.395358' AND "django_session"."session_key" = 'ogbvxmzfti7t3a9mesr1wt20p0mgdj54') LIMIT 21; args=('2024-11-03 05:01:46.395358', 'ogbvxmzfti7t3a9mesr1wt20p0mgdj54'); alias=default
(0.000) SELECT "auth_user"."id", "auth_user"."password", "auth_user"."last_login", "auth_user"."is_superuser", "auth_user"."username", "auth_user"."first_name", "auth_user"."last_name", "auth_user"."email", "auth_user"."is_staff", "auth_user"."is_active", "auth_user"."date_joined" FROM "auth_user" WHERE "auth_user"."id" = 1 LIMIT 21; args=(1,); alias=default
(0.000) SELECT COUNT(*) AS "__count" FROM "product_open"; args=(); alias=default
(0.000) SELECT COUNT(*) AS "__count" FROM "product_open"; args=(); alias=default
(0.000) SELECT "product_open"."id", "product_open"."open", "product_open"."shomare" FROM "product_open" ORDER BY "product_open"."id" DESC; args=(); alias=default
"GET /admin/product/open/ HTTP/1.1" 200 8965
(0.000) SELECT "django_session"."session_key", "django_session"."session_data", "django_session"."expire_date" FROM "django_session" WHERE ("django_session"."expire_date" > '2024-11-03 05:01:46.417295' AND "django_session"."session_key" = 'ogbvxmzfti7t3a9mesr1wt20p0mgdj54') LIMIT 21; args=('2024-11-03 05:01:46.417295', 'ogbvxmzfti7t3a9mesr1wt20p0mgdj54'); alias=default
(0.000) SELECT "auth_user"."id", "auth_user"."password", "auth_user"."last_login", "auth_user"."is_superuser", "auth_user"."username", "auth_user"."first_name", "auth_user"."last_name", "auth_user"."email", "auth_user"."is_staff", "auth_user"."is_active", "auth_user"."date_joined" FROM "auth_user" WHERE "auth_user"."id" = 1 LIMIT 21; args=(1,); alias=default
"GET /admin/jsi18n/ HTTP/1.1" 200 3342
File C:\Users\Mobin\Desktop\khoshkshoyi\khoshkshoyi\settings.py previous mtime: 1730610045.2764027, current mtime: 1730610116.9904644
C:\Users\Mobin\Desktop\khoshkshoyi\khoshkshoyi\settings.py notified as changed. Signal results: [(<function template_changed at 0x000001B7491F7BA0>, None), (<function translation_file_changed at 0x000001B74A30AB60>, None)].
C:\Users\Mobin\Desktop\khoshkshoyi\khoshkshoyi\settings.py changed, reloading.
Watching for file changes with StatReloader
Waiting for apps ready_event.
Apps ready_event triggered. Sending autoreload_started signal.
Watching dir C:\Users\Mobin\Desktop\khoshkshoyi\templates with glob **/*.
Watching dir C:\Users\Mobin\Desktop\khoshkshoyi\product\templates with glob **/*.
Watching dir C:\Users\Mobin\Desktop\khoshkshoyi\home\templates with glob **/*.
Watching dir C:\Users\Mobin\Desktop\khoshkshoyi\locale with glob **/*.mo.
Watching dir C:\Users\Mobin\Desktop\khoshkshoyi\product\locale with glob **/*.mo.
Watching dir C:\Users\Mobin\Desktop\khoshkshoyi\home\locale with glob **/*.mo.
File C:\Users\Mobin\AppData\Local\Programs\Python\Python312\Lib\copyreg.py first seen with mtime 1696281958.0
File C:\Users\Mobin\AppData\Local\Programs\Python\Python312\Lib\site-packages\django\template\base.py first seen with mtime 1728498000.0574646
File C:\Users\Mobin\AppData\Local\Programs\Python\Python312\Lib\tokenize.py first seen with mtime 1696281958.0
File C:\Users\Mobin\AppData\Local\Programs\Python\Python312\Lib\urllib\__init__.py first seen with mtime 1696281958.0
File C:\Users\Mobin\AppData\Local\Programs\Python\Python312\Lib\site-packages\colorama\winterm.py first seen with mtime 1727195540.3238747
File C:\Users\Mobin\AppData\Local\Programs\Python\Python312\Lib\asyncio\streams.py first seen with mtime 1696281958.0
File C:\Users\Mobin\AppData\Local\Programs\Python\Python312\Lib\site-packages\django\contrib\contenttypes\fields.py first seen with mtime 1728497998.7363386
File C:\Users\Mobin\AppData\Local\Programs\Python\Python312\Lib\site-packages\django\forms\__init__.py first seen with mtime 1728497999.9949803
File C:\Users\Mobin\AppData\Local\Programs\Python\Python312\Lib\email\_encoded_words.py first seen with mtime 1696281958.0
File C:\Users\Mobin\AppData\Local\Programs\Python\Python312\Lib\site-packages\sqlparse\lexer.py first seen with mtime 1726476048.8895926
File C:\Users\Mobin\AppData\Local\Programs\Python\Python312\Lib\site-packages\django\db\models\functions\math.py first seen with mtime 1728497999.979359
File C:\Users\Mobin\AppData\Local\Programs\Python\Python312\Lib\site-packages\sqlparse\engine\filter_stack.py first seen with mtime 1726476048.8915868
File C:\Users\Mobin\AppData\Local\Programs\Python\Python312\Lib\ipaddress.py first seen with mtime 1696281958.0
File C:\Users\Mobin\AppData\Local\Programs\Python\Python312\Lib\asyncio\tasks.py first seen with mtime 1696281958.0
File C:\Users\Mobin\AppData\Local\Programs\Python\Python312\Lib\site-packages\django\contrib\admin\widgets.py first seen with mtime 1728497998.004997
File C:\Users\Mobin\AppData\Local\Programs\Python\Python312\Lib\site-packages\django_jalali\db\models.py first seen with mtime 1707828604.683266
File C:\Users\Mobin\Desktop\khoshkshoyi\home\admin.py first seen with mtime 1730568523.0969963
File C:\Users\Mobin\AppData\Local\Programs\Python\Python312\Lib\site-packages\django\middleware\__init__.py first seen with mtime 1728498000.0418434
File C:\Users\Mobin\AppData\Local\Programs\Python\Python312\Lib\site-packages\sqlparse\filters\tokens.py first seen with mtime 1726476048.8955774
File C:\Users\Mobin\AppData\Local\Programs\Python\Python312\Lib\site-packages\django\utils\translation\__init__.py first seen with mtime 1728498000.093526
File C:\Users\Mobin\AppData\Local\Programs\Python\Python312\Lib\site-packages\django\utils\text.py first seen with mtime 1728498000.093526
File C:\Users\Mobin\AppData\Local\Programs\Python\Python312\Lib\site-packages\django\middleware\csrf.py first seen with mtime 1728498000.0418434
File C:\Users\Mobin\AppData\Local\Programs\Python\Python312\Lib\site-packages\_distutils_hack\__init__.py first seen with mtime 1713255862.9899826
File C:\Users\Mobin\AppData\Local\Programs\Python\Python312\Lib\asyncio\base_subprocess.py first seen with mtime 1696281958.0
File C:\Users\Mobin\AppData\Local\Programs\Python\Python312\Lib\site-packages\django\views\decorators\csrf.py first seen with mtime 1728498000.1091475
File C:\Users\Mobin\AppData\Local\Programs\Python\Python312\Lib\site-packages\django\forms\utils.py first seen with mtime 1728497999.9949803
File C:\Users\Mobin\AppData\Local\Programs\Python\Python312\Lib\signal.py first seen with mtime 1696281958.0
File C:\Users\Mobin\AppData\Local\Programs\Python\Python312\Lib\copy.py first seen with mtime 1696281958.0
File C:\Users\Mobin\AppData\Local\Programs\Python\Python312\Lib\site-packages\colorama\initialise.py first seen with mtime 1727195540.3228772
File C:\Users\Mobin\AppData\Local\Programs\Python\Python312\Lib\site-packages\django_jalali\forms\__init__.py first seen with mtime 1707828604.683266
File C:\Users\Mobin\AppData\Local\Programs\Python\Python312\Lib\tempfile.py first seen with mtime 1696281958.0
File C:\Users\Mobin\Desktop\khoshkshoyi\product\views.py first seen with mtime 1730568523.1329
File C:\Users\Mobin\AppData\Local\Programs\Python\Python312\Lib\site-packages\django\core\files\locks.py first seen with mtime 1728497999.8856292
File C:\Users\Mobin\AppData\Local\Programs\Python\Python312\DLLs\_decimal.pyd first seen with mtime 1696282028.0
File C:\Users\Mobin\AppData\Local\Programs\Python\Python312\Lib\site-packages\django\db\migrations\operations\__init__.py first seen with mtime 1728497999.9637365
File C:\Users\Mobin\AppData\Local\Programs\Python\Python312\Lib\site-packages\asgiref\__init__.py first seen with mtime 1728497996.619035
File C:\Users\Mobin\AppData\Local\Programs\Python\Python312\Lib\email\errors.py first seen with mtime 1696281958.0
File C:\Users\Mobin\AppData\Local\Programs\Python\Python312\Lib\site-packages\django\core\files\base.py first seen with mtime 1728497999.8856292
File C:\Users\Mobin\AppData\Local\Programs\Python\Python312\Lib\site-packages\django\template\backends\__init__.py first seen with mtime 1728498000.0574646
File C:\Users\Mobin\AppData\Local\Programs\Python\Python312\Lib\ast.py first seen with mtime 1696281958.0
File C:\Users\Mobin\AppData\Local\Programs\Python\Python312\Lib\site-packages\django\contrib\staticfiles\utils.py first seen with mtime 1728497999.8700097
File C:\Users\Mobin\AppData\Local\Programs\Python\Python312\Lib\site-packages\django\contrib\admin\views\main.py first seen with mtime 1728497998.3353157
File C:\Users\Mobin\AppData\Local\Programs\Python\Python312\Lib\site-packages\django\contrib\sessions\base_session.py first seen with mtime 1728497999.616638
File C:\Users\Mobin\AppData\Local\Programs\Python\Python312\Lib\asyncio\subprocess.py first seen with mtime 1696281958.0
File C:\Users\Mobin\AppData\Local\Programs\Python\Python312\Lib\site-packages\django\conf\global_settings.py first seen with mtime 1728497997.6902885
File C:\Users\Mobin\AppData\Local\Programs\Python\Python312\Lib\site-packages\django\db\models\query_utils.py first seen with mtime 1728497999.979359
File C:\Users\Mobin\AppData\Local\Programs\Python\Python312\Lib\site-packages\django\contrib\auth\backends.py first seen with mtime 1728497998.4602895
File C:\Users\Mobin\AppData\Local\Programs\Python\Python312\Lib\site-packages\django\templatetags\__init__.py first seen with mtime 1728498000.0574646
File C:\Users\Mobin\AppData\Local\Programs\Python\Python312\Lib\site-packages\django\template\backends\django.py first seen with mtime 1728498000.0574646
File C:\Users\Mobin\AppData\Local\Programs\Python\Python312\Lib\site-packages\django\views\__init__.py first seen with mtime 1728498000.1091475
File C:\Users\Mobin\Desktop\khoshkshoyi\home\apps.py first seen with mtime 1730568523.0969963
File C:\Users\Mobin\AppData\Local\Programs\Python\Python312\Lib\site-packages\django\templatetags\cache.py first seen with mtime 1728498000.0574646
File C:\Users\Mobin\AppData\Local\Programs\Python\Python312\Lib\site-packages\django\contrib\admin\helpers.py first seen with mtime 1728497997.9893875
File C:\Users\Mobin\AppData\Local\Programs\Python\Python312\Lib\site-packages\django\views\generic\dates.py first seen with mtime 1728498000.1091475
File C:\Users\Mobin\AppData\Local\Programs\Python\Python312\Lib\site-packages\django\forms\boundfield.py first seen with mtime 1728497999.9949803
File C:\Users\Mobin\AppData\Local\Programs\Python\Python312\Lib\hashlib.py first seen with mtime 1696281958.0
File C:\Users\Mobin\AppData\Local\Programs\Python\Python312\Lib\site-packages\django_jalali\forms\widgets.py first seen with mtime 1707828604.684262
File C:\Users\Mobin\AppData\Local\Programs\Python\Python312\Lib\site-packages\django\contrib\auth\__init__.py first seen with mtime 1728497998.4602895
File C:\Users\Mobin\AppData\Local\Programs\Python\Python312\Lib\shutil.py first seen with mtime 1696281958.0
File C:\Users\Mobin\AppData\Local\Programs\Python\Python312\Lib\email\base64mime.py first seen with mtime 1696281958.0
File C:\Users\Mobin\AppData\Local\Programs\Python\Python312\Lib\site-packages\django\template\loader.py first seen with mtime 1728498000.0574646
File C:\Users\Mobin\AppData\Local\Programs\Python\Python312\Lib\site-packages\django\template\loader_tags.py first seen with mtime 1728498000.0574646
File C:\Users\Mobin\AppData\Local\Programs\Python\Python312\DLLs\_ssl.pyd first seen with mtime 1696282030.0
File C:\Users\Mobin\AppData\Local\Programs\Python\Python312\Lib\textwrap.py first seen with mtime 1696281958.0
File C:\Users\Mobin\AppData\Local\Programs\Python\Python312\DLLs\unicodedata.pyd first seen with mtime 1696282030.0
File C:\Users\Mobin\AppData\Local\Programs\Python\Python312\Lib\site-packages\colorama\__init__.py first seen with mtime 1727195540.3208823
File C:\Users\Mobin\AppData\Local\Programs\Python\Python312\Lib\site-packages\django\utils\duration.py first seen with mtime 1728498000.093526
File C:\Users\Mobin\AppData\Local\Programs\Python\Python312\Lib\email\_header_value_parser.py first seen with mtime 1696281958.0
File C:\Users\Mobin\AppData\Local\Programs\Python\Python312\Lib\getpass.py first seen with mtime 1696281958.0
File C:\Users\Mobin\AppData\Local\Programs\Python\Python312\Lib\contextlib.py first seen with mtime 1696281958.0
File C:\Users\Mobin\AppData\Local\Programs\Python\Python312\Lib\re\_casefix.py first seen with mtime 1696281958.0
File C:\Users\Mobin\AppData\Local\Programs\Python\Python312\Lib\email\contentmanager.py first seen with mtime 1696281958.0
File C:\Users\Mobin\AppData\Local\Programs\Python\Python312\Lib\site-packages\django\db\models\constants.py first seen with mtime 1728497999.9637365
File C:\Users\Mobin\AppData\Local\Programs\Python\Python312\Lib\site-packages\django\contrib\auth\apps.py first seen with mtime 1728497998.4602895
File C:\Users\Mobin\AppData\Local\Programs\Python\Python312\Lib\statistics.py first seen with mtime 1696281958.0
File C:\Users\Mobin\AppData\Local\Programs\Python\Python312\Lib\site-packages\django\contrib\messages\api.py first seen with mtime 1728497999.316823
File C:\Users\Mobin\AppData\Local\Programs\Python\Python312\Lib\site-packages\sqlparse\filters\output.py first seen with mtime 1726476048.8945787
File C:\Users\Mobin\AppData\Local\Programs\Python\Python312\Lib\concurrent\__init__.py first seen with mtime 1696281958.0
File C:\Users\Mobin\AppData\Local\Programs\Python\Python312\Lib\site-packages\django\core\wsgi.py first seen with mtime 1728497999.8700097
File C:\Users\Mobin\AppData\Local\Programs\Python\Python312\Lib\site-packages\sqlparse\filters\right_margin.py first seen with mtime 1726476048.8955774
File C:\Users\Mobin\AppData\Local\Programs\Python\Python312\Lib\__future__.py first seen with mtime 1696281958.0
File C:\Users\Mobin\AppData\Local\Programs\Python\Python312\DLLs\_overlapped.pyd first seen with mtime 1696282030.0
File C:\Users\Mobin\AppData\Local\Programs\Python\Python312\Lib\site-packages\django\db\models\fields\json.py first seen with mtime 1728497999.979359
File C:\Users\Mobin\AppData\Local\Programs\Python\Python312\Lib\heapq.py first seen with mtime 1696281958.0
File C:\Users\Mobin\AppData\Local\Programs\Python\Python312\Lib\site-packages\django\core\serializers\json.py first seen with mtime 1728497999.916872
File C:\Users\Mobin\AppData\Local\Programs\Python\Python312\Lib\site-packages\django\contrib\admin\views\autocomplete.py first seen with mtime 1728497998.3353157
File C:\Users\Mobin\AppData\Local\Programs\Python\Python312\Lib\asyncio\protocols.py first seen with mtime 1696281958.0
File C:\Users\Mobin\AppData\Local\Programs\Python\Python312\Lib\site-packages\django\contrib\sessions\__init__.py first seen with mtime 1728497999.616638
File C:\Users\Mobin\AppData\Local\Programs\Python\Python312\Lib\site-packages\django\contrib\auth\signals.py first seen with mtime 1728497998.4759102
File C:\Users\Mobin\AppData\Local\Programs\Python\Python312\Lib\site-packages\django\utils\version.py first seen with mtime 1728498000.093526
File C:\Users\Mobin\Desktop\khoshkshoyi\khoshkshoyi\__init__.py first seen with mtime 1730568523.1009855
File C:\Users\Mobin\AppData\Local\Programs\Python\Python312\Lib\site-packages\sqlparse\filters\others.py first seen with mtime 1726476048.8935814
File C:\Users\Mobin\AppData\Local\Programs\Python\Python312\Lib\quopri.py first seen with mtime 1696281958.0
File C:\Users\Mobin\AppData\Local\Programs\Python\Python312\Lib\site-packages\sqlparse\formatter.py first seen with mtime 1726476048.8885937
File C:\Users\Mobin\AppData\Local\Programs\Python\Python312\Lib\site-packages\django\views\generic\list.py first seen with mtime 1728498000.1091475
File C:\Users\Mobin\AppData\Local\Programs\Python\Python312\Lib\site-packages\django\template\loaders\filesystem.py first seen with mtime 1728498000.0574646
File C:\Users\Mobin\AppData\Local\Programs\Python\Python312\Lib\queue.py first seen with mtime 1696281958.0
File C:\Users\Mobin\AppData\Local\Programs\Python\Python312\Lib\struct.py first seen with mtime 1696281958.0
File C:\Users\Mobin\AppData\Local\Programs\Python\Python312\Lib\site-packages\django\template\utils.py first seen with mtime 1728498000.0574646
File C:\Users\Mobin\AppData\Local\Programs\Python\Python312\Lib\site-packages\django\core\files\storage\__init__.py first seen with mtime 1728497999.8856292
File C:\Users\Mobin\AppData\Local\Programs\Python\Python312\Lib\site-packages\django\template\library.py first seen with mtime 1728498000.0574646
File C:\Users\Mobin\AppData\Local\Programs\Python\Python312\Lib\site-packages\django\db\backends\base\base.py first seen with mtime 1728497999.9324932
File C:\Users\Mobin\AppData\Local\Programs\Python\Python312\Lib\site-packages\django\db\migrations\utils.py first seen with mtime 1728497999.9637365
File C:\Users\Mobin\AppData\Local\Programs\Python\Python312\Lib\site-packages\django\utils\http.py first seen with mtime 1728498000.093526
File C:\Users\Mobin\AppData\Local\Programs\Python\Python312\Lib\email\encoders.py first seen with mtime 1696281958.0
File C:\Users\Mobin\AppData\Local\Programs\Python\Python312\Lib\site-packages\django\db\models\manager.py first seen with mtime 1728497999.979359
File C:\Users\Mobin\AppData\Local\Programs\Python\Python312\Lib\http\__init__.py first seen with mtime 1696281958.0
File C:\Users\Mobin\AppData\Local\Programs\Python\Python312\Lib\site-packages\django\db\backends\sqlite3\schema.py first seen with mtime 1728497999.9481144
File C:\Users\Mobin\AppData\Local\Programs\Python\Python312\Lib\site-packages\django\middleware\cache.py first seen with mtime 1728498000.0418434
File C:\Users\Mobin\AppData\Local\Programs\Python\Python312\Lib\site-packages\colorama\win32.py first seen with mtime 1727195540.3228772
File C:\Users\Mobin\AppData\Local\Programs\Python\Python312\Lib\site-packages\django\contrib\contenttypes\__init__.py first seen with mtime 1728497998.6269693
File C:\Users\Mobin\AppData\Local\Programs\Python\Python312\Lib\http\cookies.py first seen with mtime 1696281958.0
File C:\Users\Mobin\AppData\Local\Programs\Python\Python312\Lib\concurrent\futures\thread.py first seen with mtime 1696281958.0
File C:\Users\Mobin\AppData\Local\Programs\Python\Python312\Lib\site-packages\sqlparse\filters\reindent.py first seen with mtime 1726476048.8945787
File C:\Users\Mobin\AppData\Local\Programs\Python\Python312\Lib\site-packages\django\contrib\admin\views\__init__.py first seen with mtime 1728497998.3353157
File C:\Users\Mobin\AppData\Local\Programs\Python\Python312\Lib\site-packages\django\db\backends\sqlite3\base.py first seen with mtime 1728497999.9481144
File C:\Users\Mobin\Desktop\khoshkshoyi\home\views.py first seen with mtime 1730568523.099988
File C:\Users\Mobin\AppData\Local\Programs\Python\Python312\Lib\site-packages\django\db\models\aggregates.py first seen with mtime 1728497999.9637365
File C:\Users\Mobin\AppData\Local\Programs\Python\Python312\Lib\site-packages\django\contrib\auth\admin.py first seen with mtime 1728497998.4602895
File C:\Users\Mobin\AppData\Local\Programs\Python\Python312\Lib\site-packages\django\db\__init__.py first seen with mtime 1728497999.916872
File C:\Users\Mobin\Desktop\khoshkshoyi\home\urls.py first seen with mtime 1730568523.099988
File C:\Users\Mobin\AppData\Local\Programs\Python\Python312\Lib\site-packages\django\db\models\expressions.py first seen with mtime 1728497999.9637365
File C:\Users\Mobin\AppData\Local\Programs\Python\Python312\Lib\site-packages\django\db\models\functions\datetime.py first seen with mtime 1728497999.979359
File C:\Users\Mobin\AppData\Local\Programs\Python\Python312\Lib\site-packages\django\core\cache\utils.py first seen with mtime 1728497999.8700097
File C:\Users\Mobin\AppData\Local\Programs\Python\Python312\Lib\site-packages\django\contrib\auth\management\__init__.py first seen with mtime 1728497998.5957263
File C:\Users\Mobin\AppData\Local\Programs\Python\Python312\Lib\encodings\cp1252.py first seen with mtime 1696281958.0
File C:\Users\Mobin\AppData\Local\Programs\Python\Python312\Lib\sysconfig.py first seen with mtime 1696281958.0
File C:\Users\Mobin\AppData\Local\Programs\Python\Python312\Lib\site-packages\django\db\models\fields\reverse_related.py first seen with mtime 1728497999.979359
File C:\Users\Mobin\AppData\Local\Programs\Python\Python312\Lib\site-packages\django\contrib\contenttypes\checks.py first seen with mtime 1728497998.7363386
File C:\Users\Mobin\AppData\Local\Programs\Python\Python312\Lib\site-packages\django\db\backends\sqlite3\client.py first seen with mtime 1728497999.9481144
File C:\Users\Mobin\AppData\Local\Programs\Python\Python312\Lib\site-packages\django\core\checks\urls.py first seen with mtime 1728497999.8856292
File C:\Users\Mobin\AppData\Local\Programs\Python\Python312\Lib\site-packages\django\db\backends\base\client.py first seen with mtime 1728497999.9324932
File C:\Users\Mobin\AppData\Local\Programs\Python\Python312\Lib\multiprocessing\process.py first seen with mtime 1696281958.0
File C:\Users\Mobin\AppData\Local\Programs\Python\Python312\Lib\site-packages\django\contrib\staticfiles\handlers.py first seen with mtime 1728497999.8543825
File C:\Users\Mobin\AppData\Local\Programs\Python\Python312\Lib\site-packages\django\utils\formats.py first seen with mtime 1728498000.093526
File C:\Users\Mobin\AppData\Local\Programs\Python\Python312\Lib\encodings\__init__.py first seen with mtime 1696281958.0
File C:\Users\Mobin\AppData\Local\Programs\Python\Python312\Lib\contextvars.py first seen with mtime 1696281958.0
File C:\Users\Mobin\AppData\Local\Programs\Python\Python312\Lib\email\mime\multipart.py first seen with mtime 1696281958.0
File C:\Users\Mobin\AppData\Local\Programs\Python\Python312\Lib\site-packages\django\contrib\messages\constants.py first seen with mtime 1728497999.316823
File C:\Users\Mobin\AppData\Local\Programs\Python\Python312\Lib\asyncio\transports.py first seen with mtime 1696281958.0
File C:\Users\Mobin\AppData\Local\Programs\Python\Python312\Lib\site-packages\django\dispatch\__init__.py first seen with mtime 1728497999.9949803
File C:\Users\Mobin\AppData\Local\Programs\Python\Python312\Lib\site-packages\django\core\checks\security\csrf.py first seen with mtime 1728497999.8856292
File C:\Users\Mobin\AppData\Local\Programs\Python\Python312\Lib\html\entities.py first seen with mtime 1696281958.0
File C:\Users\Mobin\AppData\Local\Programs\Python\Python312\Lib\site-packages\django\core\checks\security\base.py first seen with mtime 1728497999.8856292
File C:\Users\Mobin\AppData\Local\Programs\Python\Python312\Lib\site-packages\django\core\checks\templates.py first seen with mtime 1728497999.8856292
File C:\Users\Mobin\AppData\Local\Programs\Python\Python312\Lib\asyncio\locks.py first seen with mtime 1696281958.0
File C:\Users\Mobin\AppData\Local\Programs\Python\Python312\Lib\multiprocessing\__init__.py first seen with mtime 1696281958.0
File C:\Users\Mobin\AppData\Local\Programs\Python\Python312\Lib\ctypes\__init__.py first seen with mtime 1696281958.0
File C:\Users\Mobin\AppData\Local\Programs\Python\Python312\Lib\site-packages\django\utils\termcolors.py first seen with mtime 1728498000.093526
File C:\Users\Mobin\AppData\Local\Programs\Python\Python312\Lib\re\_parser.py first seen with mtime 1696281958.0
File C:\Users\Mobin\AppData\Local\Programs\Python\Python312\Lib\sqlite3\dbapi2.py first seen with mtime 1696281958.0
File C:\Users\Mobin\AppData\Local\Programs\Python\Python312\Lib\site-packages\django\db\models\sql\datastructures.py first seen with mtime 1728497999.979359
File C:\Users\Mobin\AppData\Local\Programs\Python\Python312\Lib\site-packages\django\core\handlers\__init__.py first seen with mtime 1728497999.9012506
File C:\Users\Mobin\AppData\Local\Programs\Python\Python312\Lib\operator.py first seen with mtime 1696281958.0
File C:\Users\Mobin\AppData\Local\Programs\Python\Python312\Lib\site-packages\django\utils\__init__.py first seen with mtime 1728498000.084863
File C:\Users\Mobin\AppData\Local\Programs\Python\Python312\Lib\secrets.py first seen with mtime 1696281958.0
File C:\Users\Mobin\AppData\Local\Programs\Python\Python312\Lib\site-packages\django\core\files\storage\handler.py first seen with mtime 1728497999.9012506
File C:\Users\Mobin\AppData\Local\Programs\Python\Python312\Lib\site-packages\django\urls\base.py first seen with mtime 1728498000.0730867
File C:\Users\Mobin\AppData\Local\Programs\Python\Python312\Lib\gettext.py first seen with mtime 1696281958.0
File C:\Users\Mobin\AppData\Local\Programs\Python\Python312\Lib\pathlib.py first seen with mtime 1696281958.0
File C:\Users\Mobin\AppData\Local\Programs\Python\Python312\Lib\site-packages\django\db\backends\sqlite3\creation.py first seen with mtime 1728497999.9481144
File C:\Users\Mobin\AppData\Local\Programs\Python\Python312\Lib\site-packages\django\template\exceptions.py first seen with mtime 1728498000.0574646
File C:\Users\Mobin\AppData\Local\Programs\Python\Python312\Lib\site-packages\django\core\serializers\__init__.py first seen with mtime 1728497999.916872
File C:\Users\Mobin\AppData\Local\Programs\Python\Python312\Lib\site-packages\django\conf\__init__.py first seen with mtime 1728497997.689291
File C:\Users\Mobin\AppData\Local\Programs\Python\Python312\Lib\site-packages\django\utils\ipv6.py first seen with mtime 1728498000.093526
File C:\Users\Mobin\AppData\Local\Programs\Python\Python312\Lib\site-packages\django\utils\log.py first seen with mtime 1728498000.093526
File C:\Users\Mobin\AppData\Local\Programs\Python\Python312\Lib\site-packages\django\db\models\functions\__init__.py first seen with mtime 1728497999.979359
File C:\Users\Mobin\AppData\Local\Programs\Python\Python312\Lib\site-packages\django\views\generic\base.py first seen with mtime 1728498000.1091475
File C:\Users\Mobin\AppData\Local\Programs\Python\Python312\Lib\concurrent\futures\__init__.py first seen with mtime 1696281958.0
File C:\Users\Mobin\AppData\Local\Programs\Python\Python312\Lib\site-packages\django\core\management\commands\__init__.py first seen with mtime 1728497999.9012506
File C:\Users\Mobin\AppData\Local\Programs\Python\Python312\Lib\site-packages\django_jalali\db\__init__.py first seen with mtime 1707828604.6822674
File C:\Users\Mobin\AppData\Local\Programs\Python\Python312\Lib\site-packages\django\contrib\admin\checks.py first seen with mtime 1728497997.9893875
File C:\Users\Mobin\AppData\Local\Programs\Python\Python312\Lib\base64.py first seen with mtime 1696281958.0
File C:\Users\Mobin\AppData\Local\Programs\Python\Python312\Lib\site-packages\django\template\autoreload.py first seen with mtime 1728498000.0574646
File C:\Users\Mobin\AppData\Local\Programs\Python\Python312\Lib\_compat_pickle.py first seen with mtime 1696281958.0
File C:\Users\Mobin\AppData\Local\Programs\Python\Python312\Lib\site-packages\django\db\backends\base\schema.py first seen with mtime 1728497999.9324932
File C:\Users\Mobin\AppData\Local\Programs\Python\Python312\Lib\site-packages\django\contrib\contenttypes\admin.py first seen with mtime 1728497998.7363386
File C:\Users\Mobin\AppData\Local\Programs\Python\Python312\Lib\site-packages\django\core\checks\translation.py first seen with mtime 1728497999.8856292
File C:\Users\Mobin\AppData\Local\Programs\Python\Python312\DLLs\_bz2.pyd first seen with mtime 1696282030.0
File C:\Users\Mobin\AppData\Local\Programs\Python\Python312\Lib\email\quoprimime.py first seen with mtime 1696281958.0
File C:\Users\Mobin\AppData\Local\Programs\Python\Python312\Lib\email\__init__.py first seen with mtime 1696281958.0
File C:\Users\Mobin\AppData\Local\Programs\Python\Python312\Lib\site-packages\django\views\generic\detail.py first seen with mtime 1728498000.1091475
File C:\Users\Mobin\AppData\Local\Programs\Python\Python312\Lib\inspect.py first seen with mtime 1696281958.0
File C:\Users\Mobin\AppData\Local\Programs\Python\Python312\Lib\asyncio\sslproto.py first seen with mtime 1696281958.0
File C:\Users\Mobin\AppData\Local\Programs\Python\Python312\Lib\site-packages\django\views\i18n.py first seen with mtime 1728498000.1091475
File C:\Users\Mobin\AppData\Local\Programs\Python\Python312\Lib\site-packages\django\db\models\signals.py first seen with mtime 1728497999.979359
File C:\Users\Mobin\AppData\Local\Programs\Python\Python312\Lib\email\feedparser.py first seen with mtime 1696281958.0
File C:\Users\Mobin\AppData\Local\Programs\Python\Python312\Lib\asyncio\base_tasks.py first seen with mtime 1696281958.0
File C:\Users\Mobin\AppData\Local\Programs\Python\Python312\Lib\site-packages\django\http\cookie.py first seen with mtime 1728498000.0418434
File C:\Users\Mobin\AppData\Local\Programs\Python\Python312\Lib\email\mime\message.py first seen with mtime 1696281958.0
File C:\Users\Mobin\AppData\Local\Programs\Python\Python312\Lib\asyncio\timeouts.py first seen with mtime 1696281958.0
File C:\Users\Mobin\AppData\Local\Programs\Python\Python312\Lib\site-packages\django\core\management\commands\runserver.py first seen with mtime 1728497999.916872
File C:\Users\Mobin\AppData\Local\Programs\Python\Python312\Lib\site-packages\colorama\ansitowin32.py first seen with mtime 1727195540.32188
File C:\Users\Mobin\AppData\Local\Programs\Python\Python312\Lib\warnings.py first seen with mtime 1696281958.0
File C:\Users\Mobin\AppData\Local\Programs\Python\Python312\Lib\site-packages\django\forms\forms.py first seen with mtime 1728497999.9949803
File C:\Users\Mobin\AppData\Local\Programs\Python\Python312\Lib\asyncio\mixins.py first seen with mtime 1696281958.0
File C:\Users\Mobin\AppData\Local\Programs\Python\Python312\Lib\site-packages\django\shortcuts.py first seen with mtime 1728497997.6872969
File C:\Users\Mobin\AppData\Local\Programs\Python\Python312\Lib\site-packages\django\contrib\contenttypes\apps.py first seen with mtime 1728497998.7363386
File C:\Users\Mobin\AppData\Local\Programs\Python\Python312\Lib\site-packages\django\contrib\auth\checks.py first seen with mtime 1728497998.4602895
File C:\Users\Mobin\AppData\Local\Programs\Python\Python312\Lib\site-packages\django\core\files\move.py first seen with mtime 1728497999.8856292
File C:\Users\Mobin\AppData\Local\Programs\Python\Python312\Lib\site-packages\django\db\backends\__init__.py first seen with mtime 1728497999.9324932
File C:\Users\Mobin\AppData\Local\Programs\Python\Python312\Lib\email\headerregistry.py first seen with mtime 1696281958.0
File C:\Users\Mobin\AppData\Local\Programs\Python\Python312\Lib\concurrent\futures\_base.py first seen with mtime 1696281958.0
File C:\Users\Mobin\AppData\Local\Programs\Python\Python312\Lib\site-packages\django\core\cache\backends\__init__.py first seen with mtime 1728497999.8700097
File C:\Users\Mobin\AppData\Local\Programs\Python\Python312\Lib\site-packages\django\http\request.py first seen with mtime 1728498000.0418434
File C:\Users\Mobin\AppData\Local\Programs\Python\Python312\Lib\fractions.py first seen with mtime 1696281958.0
File C:\Users\Mobin\AppData\Local\Programs\Python\Python312\Lib\site-packages\django\contrib\admin\decorators.py first seen with mtime 1728497997.9893875
File C:\Users\Mobin\AppData\Local\Programs\Python\Python312\Lib\wsgiref\__init__.py first seen with mtime 1696281958.0
File C:\Users\Mobin\AppData\Local\Programs\Python\Python312\Lib\logging\config.py first seen with mtime 1696281958.0
File C:\Users\Mobin\AppData\Local\Programs\Python\Python312\Lib\site-packages\django\contrib\admin\templatetags\admin_list.py first seen with mtime 1728497998.3353157
File C:\Users\Mobin\AppData\Local\Programs\Python\Python312\Lib\multiprocessing\reduction.py first seen with mtime 1696281958.0
File C:\Users\Mobin\AppData\Local\Programs\Python\Python312\Lib\site-packages\django\utils\lorem_ipsum.py first seen with mtime 1728498000.093526
File C:\Users\Mobin\AppData\Local\Programs\Python\Python312\Lib\site-packages\sqlparse\engine\statement_splitter.py first seen with mtime 1726476048.8925838
File C:\Users\Mobin\AppData\Local\Programs\Python\Python312\Lib\site-packages\django\core\handlers\asgi.py first seen with mtime 1728497999.9012506
File C:\Users\Mobin\AppData\Local\Programs\Python\Python312\Lib\site-packages\sqlparse\filters\__init__.py first seen with mtime 1726476048.8925838
File C:\Users\Mobin\AppData\Local\Programs\Python\Python312\Lib\logging\handlers.py first seen with mtime 1696281958.0
File C:\Users\Mobin\AppData\Local\Programs\Python\Python312\Lib\site-packages\django\urls\resolvers.py first seen with mtime 1728498000.0838654
File C:\Users\Mobin\AppData\Local\Programs\Python\Python312\Lib\site-packages\django\db\models\__init__.py first seen with mtime 1728497999.9637365
File C:\Users\Mobin\AppData\Local\Programs\Python\Python312\Lib\zoneinfo\__init__.py first seen with mtime 1696281958.0
File C:\Users\Mobin\AppData\Local\Programs\Python\Python312\Lib\site-packages\django\core\management\base.py first seen with mtime 1728497999.9012506
File C:\Users\Mobin\AppData\Local\Programs\Python\Python312\DLLs\_lzma.pyd first seen with mtime 1696282028.0
File C:\Users\Mobin\AppData\Local\Programs\Python\Python312\Lib\site-packages\django\core\files\storage\filesystem.py first seen with mtime 1728497999.8856292
File C:\Users\Mobin\AppData\Local\Programs\Python\Python312\Lib\site-packages\sqlparse\utils.py first seen with mtime 1726476048.8905897
File C:\Users\Mobin\AppData\Local\Programs\Python\Python312\Lib\asyncio\staggered.py first seen with mtime 1696281958.0
File C:\Users\Mobin\AppData\Local\Programs\Python\Python312\Lib\importlib\__init__.py first seen with mtime 1696281958.0
File C:\Users\Mobin\AppData\Local\Programs\Python\Python312\Lib\email\generator.py first seen with mtime 1696281958.0
File C:\Users\Mobin\AppData\Local\Programs\Python\Python312\Lib\calendar.py first seen with mtime 1696281958.0
File C:\Users\Mobin\AppData\Local\Programs\Python\Python312\Lib\datetime.py first seen with mtime 1696281958.0
File C:\Users\Mobin\AppData\Local\Programs\Python\Python312\Lib\site-packages\django\conf\urls\static.py first seen with mtime 1728497997.9893875
File C:\Users\Mobin\AppData\Local\Programs\Python\Python312\Lib\hmac.py first seen with mtime 1696281958.0
File C:\Users\Mobin\AppData\Local\Programs\Python\Python312\Lib\site-packages\django\templatetags\l10n.py first seen with mtime 1728498000.0730867
File C:\Users\Mobin\AppData\Local\Programs\Python\Python312\Lib\pprint.py first seen with mtime 1696281958.0
File C:\Users\Mobin\AppData\Local\Programs\Python\Python312\Lib\site-packages\django\views\generic\__init__.py first seen with mtime 1728498000.1091475
File C:\Users\Mobin\AppData\Local\Programs\Python\Python312\Lib\enum.py first seen with mtime 1696281958.0
File C:\Users\Mobin\AppData\Local\Programs\Python\Python312\Lib\site-packages\django\urls\converters.py first seen with mtime 1728498000.0730867
File C:\Users\Mobin\AppData\Local\Programs\Python\Python312\Lib\site-packages\django\utils\numberformat.py first seen with mtime 1728498000.093526
File C:\Users\Mobin\AppData\Local\Programs\Python\Python312\Lib\site-packages\django\core\files\storage\base.py first seen with mtime 1728497999.8856292
File C:\Users\Mobin\AppData\Local\Programs\Python\Python312\Lib\numbers.py first seen with mtime 1696281958.0
File C:\Users\Mobin\AppData\Local\Programs\Python\Python312\Lib\site-packages\sqlparse\engine\grouping.py first seen with mtime 1726476048.8925838
File C:\Users\Mobin\AppData\Local\Programs\Python\Python312\Lib\html\parser.py first seen with mtime 1696281958.0
File C:\Users\Mobin\AppData\Local\Programs\Python\Python312\Lib\urllib\parse.py first seen with mtime 1696281958.0
File C:\Users\Mobin\AppData\Local\Programs\Python\Python312\Lib\site-packages\django\utils\tree.py first seen with mtime 1728498000.093526
File C:\Users\Mobin\AppData\Local\Programs\Python\Python312\Lib\fnmatch.py first seen with mtime 1696281958.0
File C:\Users\Mobin\AppData\Local\Programs\Python\Python312\Lib\json\scanner.py first seen with mtime 1696281958.0
File C:\Users\Mobin\AppData\Local\Programs\Python\Python312\Lib\site-packages\django\utils\translation\trans_real.py first seen with mtime 1728498000.093526
File C:\Users\Mobin\AppData\Local\Programs\Python\Python312\Lib\site-packages\django\contrib\auth\middleware.py first seen with mtime 1728497998.4602895
File C:\Users\Mobin\AppData\Local\Programs\Python\Python312\Lib\site-packages\django\core\handlers\exception.py first seen with mtime 1728497999.9012506
File C:\Users\Mobin\AppData\Local\Programs\Python\Python312\Lib\site-packages\django\db\migrations\operations\base.py first seen with mtime 1728497999.9637365
File C:\Users\Mobin\AppData\Local\Programs\Python\Python312\Lib\pickle.py first seen with mtime 1696281958.0
File C:\Users\Mobin\AppData\Local\Programs\Python\Python312\Lib\site-packages\django\contrib\auth\validators.py first seen with mtime 1728497998.4759102
File C:\Users\Mobin\AppData\Local\Programs\Python\Python312\Lib\site-packages\django\db\models\fields\related.py first seen with mtime 1728497999.979359
File C:\Users\Mobin\AppData\Local\Programs\Python\Python312\Lib\site-packages\django\utils\hashable.py first seen with mtime 1728498000.093526
File C:\Users\Mobin\AppData\Local\Programs\Python\Python312\Lib\asyncio\constants.py first seen with mtime 1696281958.0
File C:\Users\Mobin\AppData\Local\Programs\Python\Python312\DLLs\_socket.pyd first seen with mtime 1696282028.0
File C:\Users\Mobin\AppData\Local\Programs\Python\Python312\Lib\site-packages\django\db\models\options.py first seen with mtime 1728497999.979359
File C:\Users\Mobin\AppData\Local\Programs\Python\Python312\Lib\site-packages\django\utils\dateformat.py first seen with mtime 1728498000.0908446
File C:\Users\Mobin\AppData\Local\Programs\Python\Python312\Lib\traceback.py first seen with mtime 1696281958.0
File C:\Users\Mobin\AppData\Local\Programs\Python\Python312\Lib\site-packages\django\db\backends\signals.py first seen with mtime 1728497999.9324932
File C:\Users\Mobin\AppData\Local\Programs\Python\Python312\Lib\random.py first seen with mtime 1696281958.0
File C:\Users\Mobin\AppData\Local\Programs\Python\Python312\Lib\site-packages\django\core\checks\security\__init__.py first seen with mtime 1728497999.8856292
File C:\Users\Mobin\AppData\Local\Programs\Python\Python312\Lib\site-packages\django\forms\fields.py first seen with mtime 1728497999.9949803
File C:\Users\Mobin\AppData\Local\Programs\Python\Python312\Lib\site-packages\sqlparse\engine\__init__.py first seen with mtime 1726476048.8915868
File C:\Users\Mobin\AppData\Local\Programs\Python\Python312\Lib\site-packages\django\db\backends\sqlite3\_functions.py first seen with mtime 1728497999.9481144
File C:\Users\Mobin\AppData\Local\Programs\Python\Python312\Lib\asyncio\queues.py first seen with mtime 1696281958.0
File C:\Users\Mobin\AppData\Local\Programs\Python\Python312\Lib\site-packages\django\contrib\auth\hashers.py first seen with mtime 1728497998.4602895
File C:\Users\Mobin\AppData\Local\Programs\Python\Python312\Lib\lzma.py first seen with mtime 1696281958.0
File C:\Users\Mobin\AppData\Local\Programs\Python\Python312\Lib\site-packages\django\db\models\functions\window.py first seen with mtime 1728497999.979359
File C:\Users\Mobin\AppData\Local\Programs\Python\Python312\Lib\site-packages\django\contrib\auth\tokens.py first seen with mtime 1728497998.4759102
File C:\Users\Mobin\AppData\Local\Programs\Python\Python312\Lib\site-packages\django\core\cache\backends\filebased.py first seen with mtime 1728497999.8700097
File C:\Users\Mobin\AppData\Local\Programs\Python\Python312\Lib\site-packages\django\apps\__init__.py first seen with mtime 1728497997.688294
File C:\Users\Mobin\AppData\Local\Programs\Python\Python312\Lib\opcode.py first seen with mtime 1696281958.0
File C:\Users\Mobin\AppData\Local\Programs\Python\Python312\Lib\site-packages\django\template\__init__.py first seen with mtime 1728498000.0574646
File C:\Users\Mobin\AppData\Local\Programs\Python\Python312\Lib\site-packages\django\db\models\sql\constants.py first seen with mtime 1728497999.979359
File C:\Users\Mobin\AppData\Local\Programs\Python\Python312\Lib\threading.py first seen with mtime 1696281958.0
File C:\Users\Mobin\AppData\Local\Programs\Python\Python312\Lib\site-packages\django\core\cache\backends\base.py first seen with mtime 1728497999.8700097
File C:\Users\Mobin\Desktop\khoshkshoyi\manage.py first seen with mtime 1730568523.105972
File C:\Users\Mobin\AppData\Local\Programs\Python\Python312\Lib\site-packages\django\contrib\staticfiles\finders.py first seen with mtime 1728497999.8543825
File C:\Users\Mobin\AppData\Local\Programs\Python\Python312\Lib\site-packages\sqlparse\cli.py first seen with mtime 1726476048.8875966
File C:\Users\Mobin\AppData\Local\Programs\Python\Python312\Lib\site-packages\django\db\backends\sqlite3\introspection.py first seen with mtime 1728497999.9481144
File C:\Users\Mobin\AppData\Local\Programs\Python\Python312\Lib\site-packages\django\template\defaulttags.py first seen with mtime 1728498000.0574646
File C:\Users\Mobin\AppData\Local\Programs\Python\Python312\Lib\ctypes\_endian.py first seen with mtime 1696281958.0
File C:\Users\Mobin\AppData\Local\Programs\Python\Python312\Lib\site-packages\django\core\files\uploadhandler.py first seen with mtime 1728497999.8856292
File C:\Users\Mobin\AppData\Local\Programs\Python\Python312\Lib\site-packages\django\core\__init__.py first seen with mtime 1728497999.8700097
File C:\Users\Mobin\AppData\Local\Programs\Python\Python312\Lib\site-packages\django\core\management\__init__.py first seen with mtime 1728497999.9012506
File C:\Users\Mobin\AppData\Local\Programs\Python\Python312\Lib\site-packages\django\db\migrations\operations\special.py first seen with mtime 1728497999.9637365
File C:\Users\Mobin\AppData\Local\Programs\Python\Python312\Lib\argparse.py first seen with mtime 1696281958.0
File C:\Users\Mobin\AppData\Local\Programs\Python\Python312\Lib\site-packages\django\utils\itercompat.py first seen with mtime 1728498000.093526
File C:\Users\Mobin\AppData\Local\Programs\Python\Python312\Lib\site-packages\django\core\serializers\base.py first seen with mtime 1728497999.916872
File C:\Users\Mobin\AppData\Local\Programs\Python\Python312\Lib\reprlib.py first seen with mtime 1696281958.0
File C:\Users\Mobin\AppData\Local\Programs\Python\Python312\Lib\site-packages\django\contrib\admin\utils.py first seen with mtime 1728497998.004997
File C:\Users\Mobin\AppData\Local\Programs\Python\Python312\Lib\collections\__init__.py first seen with mtime 1696281958.0
File C:\Users\Mobin\AppData\Local\Programs\Python\Python312\Lib\decimal.py first seen with mtime 1696281958.0
File C:\Users\Mobin\AppData\Local\Programs\Python\Python312\Lib\ctypes\wintypes.py first seen with mtime 1696281958.0
File C:\Users\Mobin\AppData\Local\Programs\Python\Python312\Lib\site-packages\django\contrib\admin\exceptions.py first seen with mtime 1728497997.9893875
File C:\Users\Mobin\AppData\Local\Programs\Python\Python312\Lib\site-packages\asgiref\current_thread_executor.py first seen with mtime 1728497996.620033
File C:\Users\Mobin\AppData\Local\Programs\Python\Python312\Lib\wsgiref\util.py first seen with mtime 1696281958.0
File C:\Users\Mobin\AppData\Local\Programs\Python\Python312\Lib\email\mime\nonmultipart.py first seen with mtime 1696281958.0
File C:\Users\Mobin\AppData\Local\Programs\Python\Python312\Lib\site-packages\django\db\utils.py first seen with mtime 1728497999.9324932
File C:\Users\Mobin\AppData\Local\Programs\Python\Python312\Lib\wsgiref\simple_server.py first seen with mtime 1696281958.0
File C:\Users\Mobin\AppData\Local\Programs\Python\Python312\Lib\json\encoder.py first seen with mtime 1696281958.0
File C:\Users\Mobin\AppData\Local\Programs\Python\Python312\Lib\site-packages\django\db\models\sql\where.py first seen with mtime 1728497999.9949803
File C:\Users\Mobin\AppData\Local\Programs\Python\Python312\Lib\site-packages\django\core\checks\model_checks.py first seen with mtime 1728497999.8856292
File C:\Users\Mobin\AppData\Local\Programs\Python\Python312\Lib\site-packages\django\contrib\auth\base_user.py first seen with mtime 1728497998.4602895
File C:\Users\Mobin\AppData\Local\Programs\Python\Python312\DLLs\_uuid.pyd first seen with mtime 1696282028.0
File C:\Users\Mobin\AppData\Local\Programs\Python\Python312\Lib\site-packages\django\db\models\functions\mixins.py first seen with mtime 1728497999.979359
File C:\Users\Mobin\AppData\Local\Programs\Python\Python312\Lib\socket.py first seen with mtime 1696281958.0
File C:\Users\Mobin\AppData\Local\Programs\Python\Python312\Lib\site-packages\django\utils\dates.py first seen with mtime 1728498000.0918427
File C:\Users\Mobin\AppData\Local\Programs\Python\Python312\Lib\site-packages\django\utils\module_loading.py first seen with mtime 1728498000.093526
File C:\Users\Mobin\AppData\Local\Programs\Python\Python312\Lib\asyncio\windows_events.py first seen with mtime 1696281958.0
File C:\Users\Mobin\AppData\Local\Programs\Python\Python312\Lib\site-packages\django\core\servers\__init__.py first seen with mtime 1728497999.916872
File C:\Users\Mobin\AppData\Local\Programs\Python\Python312\Lib\site-packages\django\db\models\fields\files.py first seen with mtime 1728497999.979359
File C:\Users\Mobin\AppData\Local\Programs\Python\Python312\Lib\multiprocessing\context.py first seen with mtime 1696281958.0
File C:\Users\Mobin\AppData\Local\Programs\Python\Python312\Lib\site-packages\django\core\files\storage\mixins.py first seen with mtime 1728497999.9012506
File C:\Users\Mobin\AppData\Local\Programs\Python\Python312\Lib\socketserver.py first seen with mtime 1696281958.0
File C:\Users\Mobin\AppData\Local\Programs\Python\Python312\Lib\site-packages\django\views\decorators\common.py first seen with mtime 1728498000.1091475
File C:\Users\Mobin\AppData\Local\Programs\Python\Python312\Lib\site-packages\django\forms\renderers.py first seen with mtime 1728497999.9949803
File C:\Users\Mobin\AppData\Local\Programs\Python\Python312\Lib\site-packages\django\template\response.py first seen with mtime 1728498000.0574646
File C:\Users\Mobin\AppData\Local\Programs\Python\Python312\Lib\site-packages\django\contrib\sites\__init__.py first seen with mtime 1728497999.7349913
File C:\Users\Mobin\AppData\Local\Programs\Python\Python312\DLLs\_queue.pyd first seen with mtime 1696282028.0
File C:\Users\Mobin\AppData\Local\Programs\Python\Python312\Lib\email\mime\__init__.py first seen with mtime 1696281958.0
File C:\Users\Mobin\AppData\Local\Programs\Python\Python312\Lib\site-packages\django\dispatch\dispatcher.py first seen with mtime 1728497999.9949803
File C:\Users\Mobin\AppData\Local\Programs\Python\Python312\Lib\site-packages\django\utils\_os.py first seen with mtime 1728498000.08586
File C:\Users\Mobin\AppData\Local\Programs\Python\Python312\Lib\urllib\error.py first seen with mtime 1696281958.0
File C:\Users\Mobin\AppData\Local\Programs\Python\Python312\DLLs\select.pyd first seen with mtime 1696282028.0
File C:\Users\Mobin\Desktop\khoshkshoyi\product\forms.py first seen with mtime 1730568523.1109588
File C:\Users\Mobin\AppData\Local\Programs\Python\Python312\Lib\site-packages\django\contrib\admin\filters.py first seen with mtime 1728497997.9893875
File C:\Users\Mobin\AppData\Local\Programs\Python\Python312\Lib\site-packages\jdatetime\jalali.py first seen with mtime 1707828587.9739418
File C:\Users\Mobin\AppData\Local\Programs\Python\Python312\Lib\site-packages\django\db\backends\base\features.py first seen with mtime 1728497999.9324932
File C:\Users\Mobin\AppData\Local\Programs\Python\Python312\Lib\site-packages\django\core\checks\__init__.py first seen with mtime 1728497999.8856292
File C:\Users\Mobin\AppData\Local\Programs\Python\Python312\Lib\site-packages\django\core\checks\compatibility\__init__.py first seen with mtime 1728497999.8856292
File C:\Users\Mobin\AppData\Local\Programs\Python\Python312\Lib\site-packages\django\utils\functional.py first seen with mtime 1728498000.093526
File C:\Users\Mobin\AppData\Local\Programs\Python\Python312\Lib\site-packages\django\db\models\fields\__init__.py first seen with mtime 1728497999.979359
File C:\Users\Mobin\AppData\Local\Programs\Python\Python312\Lib\site-packages\django\db\backends\base\__init__.py first seen with mtime 1728497999.9324932
File C:\Users\Mobin\AppData\Local\Programs\Python\Python312\Lib\site-packages\django\core\checks\files.py first seen with mtime 1728497999.8856292
File C:\Users\Mobin\AppData\Local\Programs\Python\Python312\Lib\site-packages\django\db\models\utils.py first seen with mtime 1728497999.979359
File C:\Users\Mobin\AppData\Local\Programs\Python\Python312\Lib\site-packages\django\utils\regex_helper.py first seen with mtime 1728498000.093526
File C:\Users\Mobin\AppData\Local\Programs\Python\Python312\DLLs\_ctypes.pyd first seen with mtime 1696282028.0
File C:\Users\Mobin\AppData\Local\Programs\Python\Python312\Lib\logging\__init__.py first seen with mtime 1696281958.0
File C:\Users\Mobin\AppData\Local\Programs\Python\Python312\Lib\site-packages\django\utils\html.py first seen with mtime 1728498000.093526
File C:\Users\Mobin\AppData\Local\Programs\Python\Python312\Lib\site-packages\django\core\validators.py first seen with mtime 1728497999.8700097
File C:\Users\Mobin\AppData\Local\Programs\Python\Python312\Lib\site-packages\whitenoise\__init__.py first seen with mtime 1728837995.7691448
File C:\Users\Mobin\AppData\Local\Programs\Python\Python312\Lib\site-packages\django\contrib\messages\utils.py first seen with mtime 1728497999.316823
File C:\Users\Mobin\AppData\Local\Programs\Python\Python312\Lib\site-packages\django\contrib\messages\storage\base.py first seen with mtime 1728497999.316823
File C:\Users\Mobin\AppData\Local\Programs\Python\Python312\Lib\site-packages\sqlparse\sql.py first seen with mtime 1726476048.8895926
File C:\Users\Mobin\AppData\Local\Programs\Python\Python312\Lib\site-packages\django\utils\crypto.py first seen with mtime 1728498000.0898478
File C:\Users\Mobin\AppData\Local\Programs\Python\Python312\Lib\site-packages\django\core\checks\security\sessions.py first seen with mtime 1728497999.8856292
File C:\Users\Mobin\AppData\Local\Programs\Python\Python312\Lib\site-packages\django\utils\deprecation.py first seen with mtime 1728498000.093526
File C:\Users\Mobin\AppData\Local\Programs\Python\Python312\Lib\pkgutil.py first seen with mtime 1696281958.0
File C:\Users\Mobin\AppData\Local\Programs\Python\Python312\Lib\site-packages\django\contrib\sites\shortcuts.py first seen with mtime 1728497999.7506123
File C:\Users\Mobin\AppData\Local\Programs\Python\Python312\Lib\site-packages\django\templatetags\i18n.py first seen with mtime 1728498000.0730867
File C:\Users\Mobin\AppData\Local\Programs\Python\Python312\Lib\site-packages\django\contrib\sessions\models.py first seen with mtime 1728497999.616638
File C:\Users\Mobin\AppData\Local\Programs\Python\Python312\Lib\site-packages\django\utils\inspect.py first seen with mtime 1728498000.093526
File C:\Users\Mobin\AppData\Local\Programs\Python\Python312\Lib\weakref.py first seen with mtime 1696281958.0
File C:\Users\Mobin\AppData\Local\Programs\Python\Python312\Lib\email\iterators.py first seen with mtime 1696281958.0
File C:\Users\Mobin\AppData\Local\Programs\Python\Python312\Lib\site-packages\django\contrib\admin\templatetags\log.py first seen with mtime 1728497998.3353157
File C:\Users\Mobin\AppData\Local\Programs\Python\Python312\Lib\email\utils.py first seen with mtime 1696281958.0
File C:\Users\Mobin\AppData\Local\Programs\Python\Python312\Lib\asyncio\format_helpers.py first seen with mtime 1696281958.0
File C:\Users\Mobin\AppData\Local\Programs\Python\Python312\Lib\site-packages\django\utils\autoreload.py first seen with mtime 1728498000.0878813
File C:\Users\Mobin\AppData\Local\Programs\Python\Python312\Lib\site-packages\django\utils\dateparse.py first seen with mtime 1728498000.0918427
File C:\Users\Mobin\AppData\Local\Programs\Python\Python312\Lib\site-packages\django\contrib\admin\models.py first seen with mtime 1728497997.9893875
File C:\Users\Mobin\AppData\Local\Programs\Python\Python312\Lib\site-packages\django\http\__init__.py first seen with mtime 1728498000.0418434
File C:\Users\Mobin\AppData\Local\Programs\Python\Python312\Lib\site-packages\whitenoise\media_types.py first seen with mtime 1728837995.7711413
File C:\Users\Mobin\AppData\Local\Programs\Python\Python312\Lib\token.py first seen with mtime 1696281958.0
File C:\Users\Mobin\AppData\Local\Programs\Python\Python312\Lib\site-packages\django\contrib\staticfiles\apps.py first seen with mtime 1728497999.8543825
File C:\Users\Mobin\AppData\Local\Programs\Python\Python312\Lib\site-packages\django\db\backends\sqlite3\__init__.py first seen with mtime 1728497999.9481144
File C:\Users\Mobin\AppData\Local\Programs\Python\Python312\Lib\site-packages\django\utils\asyncio.py first seen with mtime 1728498000.0868561
File C:\Users\Mobin\AppData\Local\Programs\Python\Python312\Lib\types.py first seen with mtime 1696281958.0
File C:\Users\Mobin\AppData\Local\Programs\Python\Python312\Lib\site-packages\django\db\models\functions\text.py first seen with mtime 1728497999.979359
File C:\Users\Mobin\AppData\Local\Programs\Python\Python312\Lib\site-packages\django\core\files\utils.py first seen with mtime 1728497999.8856292
File C:\Users\Mobin\AppData\Local\Programs\Python\Python312\Lib\site-packages\django\core\checks\database.py first seen with mtime 1728497999.8856292
File C:\Users\Mobin\AppData\Local\Programs\Python\Python312\Lib\site-packages\django\contrib\admin\options.py first seen with mtime 1728497998.004997
File C:\Users\Mobin\AppData\Local\Programs\Python\Python312\Lib\site-packages\django\contrib\staticfiles\views.py first seen with mtime 1728497999.8700097
File C:\Users\Mobin\AppData\Local\Programs\Python\Python312\Lib\site-packages\django\db\backends\sqlite3\operations.py first seen with mtime 1728497999.9481144
File C:\Users\Mobin\AppData\Local\Programs\Python\Python312\Lib\urllib\response.py first seen with mtime 1696281958.0
File C:\Users\Mobin\AppData\Local\Programs\Python\Python312\Lib\site-packages\django\contrib\staticfiles\__init__.py first seen with mtime 1728497999.8543825
File C:\Users\Mobin\AppData\Local\Programs\Python\Python312\Lib\http\client.py first seen with mtime 1696281958.0
File C:\Users\Mobin\AppData\Local\Programs\Python\Python312\Lib\site-packages\sqlparse\exceptions.py first seen with mtime 1726476048.8875966
File C:\Users\Mobin\AppData\Local\Programs\Python\Python312\Lib\site-packages\django\db\models\indexes.py first seen with mtime 1728497999.9637365
File C:\Users\Mobin\AppData\Local\Programs\Python\Python312\Lib\site-packages\django\utils\safestring.py first seen with mtime 1728498000.093526
File C:\Users\Mobin\AppData\Local\Programs\Python\Python312\Lib\ssl.py first seen with mtime 1696281958.0
File C:\Users\Mobin\AppData\Local\Programs\Python\Python312\Lib\site-packages\django\contrib\sessions\apps.py first seen with mtime 1728497999.616638
File C:\Users\Mobin\AppData\Local\Programs\Python\Python312\Lib\site-packages\django\core\checks\async_checks.py first seen with mtime 1728497999.8856292
File C:\Users\Mobin\AppData\Local\Programs\Python\Python312\Lib\site-packages\django\core\checks\compatibility\django_4_0.py first seen with mtime 1728497999.8856292
File C:\Users\Mobin\AppData\Local\Programs\Python\Python312\Lib\site-packages\django\core\management\color.py first seen with mtime 1728497999.9012506
File C:\Users\Mobin\AppData\Local\Programs\Python\Python312\Lib\linecache.py first seen with mtime 1696281958.0
File C:\Users\Mobin\AppData\Local\Programs\Python\Python312\Lib\site-packages\django\db\migrations\operations\models.py first seen with mtime 1728497999.9637365
File C:\Users\Mobin\AppData\Local\Programs\Python\Python312\Lib\string.py first seen with mtime 1696281958.0
File C:\Users\Mobin\AppData\Local\Programs\Python\Python312\Lib\site-packages\django\db\backends\utils.py first seen with mtime 1728497999.9324932
File C:\Users\Mobin\AppData\Local\Programs\Python\Python312\Lib\site-packages\django\contrib\auth\forms.py first seen with mtime 1728497998.4602895
File C:\Users\Mobin\AppData\Local\Programs\Python\Python312\Lib\site-packages\django\utils\datastructures.py first seen with mtime 1728498000.0898478
File C:\Users\Mobin\AppData\Local\Programs\Python\Python312\Lib\site-packages\django\contrib\contenttypes\management\__init__.py first seen with mtime 1728497998.8557217
File C:\Users\Mobin\AppData\Local\Programs\Python\Python312\Lib\site-packages\django\db\backends\base\validation.py first seen with mtime 1728497999.9324932
File C:\Users\Mobin\AppData\Local\Programs\Python\Python312\Lib\site-packages\django\utils\deconstruct.py first seen with mtime 1728498000.0918427
File C:\Users\Mobin\AppData\Local\Programs\Python\Python312\Lib\site-packages\django\views\defaults.py first seen with mtime 1728498000.1091475
File C:\Users\Mobin\AppData\Local\Programs\Python\Python312\Lib\encodings\aliases.py first seen with mtime 1696281958.0
File C:\Users\Mobin\AppData\Local\Programs\Python\Python312\Lib\site-packages\django\utils\cache.py first seen with mtime 1728498000.0878813
File C:\Users\Mobin\AppData\Local\Programs\Python\Python312\Lib\site-packages\django\db\backends\sqlite3\features.py first seen with mtime 1728497999.9481144
File C:\Users\Mobin\AppData\Local\Programs\Python\Python312\Lib\email\parser.py first seen with mtime 1696281958.0
File C:\Users\Mobin\AppData\Local\Programs\Python\Python312\Lib\email\message.py first seen with mtime 1696281958.0
File C:\Users\Mobin\AppData\Local\Programs\Python\Python312\Lib\site-packages\colorama\ansi.py first seen with mtime 1727195540.32188
File C:\Users\Mobin\AppData\Local\Programs\Python\Python312\Lib\site-packages\django\urls\__init__.py first seen with mtime 1728498000.0730867
File C:\Users\Mobin\AppData\Local\Programs\Python\Python312\Lib\asyncio\trsock.py first seen with mtime 1696281958.0
File C:\Users\Mobin\AppData\Local\Programs\Python\Python312\Lib\dis.py first seen with mtime 1696281958.0
File C:\Users\Mobin\AppData\Local\Programs\Python\Python312\Lib\site-packages\django\core\mail\message.py first seen with mtime 1728497999.9012506
File C:\Users\Mobin\AppData\Local\Programs\Python\Python312\Lib\site-packages\django\utils\timesince.py first seen with mtime 1728498000.093526
File C:\Users\Mobin\AppData\Local\Programs\Python\Python312\Lib\asyncio\__init__.py first seen with mtime 1696281958.0
File C:\Users\Mobin\AppData\Local\Programs\Python\Python312\Lib\site-packages\django\db\migrations\exceptions.py first seen with mtime 1728497999.9637365
File C:\Users\Mobin\AppData\Local\Programs\Python\Python312\Lib\selectors.py first seen with mtime 1696281958.0
File C:\Users\Mobin\AppData\Local\Programs\Python\Python312\Lib\site-packages\django\utils\connection.py first seen with mtime 1728498000.0898478
File C:\Users\Mobin\AppData\Local\Programs\Python\Python312\Lib\site-packages\django\conf\urls\__init__.py first seen with mtime 1728497997.9893875
File C:\Users\Mobin\AppData\Local\Programs\Python\Python312\Lib\asyncio\selector_events.py first seen with mtime 1696281958.0
File C:\Users\Mobin\AppData\Local\Programs\Python\Python312\Lib\asyncio\events.py first seen with mtime 1696281958.0
File C:\Users\Mobin\AppData\Local\Programs\Python\Python312\Lib\site-packages\django\db\models\lookups.py first seen with mtime 1728497999.9637365
File C:\Users\Mobin\AppData\Local\Programs\Python\Python312\Lib\asyncio\exceptions.py first seen with mtime 1696281958.0
File C:\Users\Mobin\AppData\Local\Programs\Python\Python312\Lib\site-packages\django\db\migrations\__init__.py first seen with mtime 1728497999.9481144
File C:\Users\Mobin\AppData\Local\Programs\Python\Python312\Lib\site-packages\django\utils\timezone.py first seen with mtime 1728498000.093526
File C:\Users\Mobin\AppData\Local\Programs\Python\Python312\DLLs\_asyncio.pyd first seen with mtime 1696282028.0
File C:\Users\Mobin\AppData\Local\Programs\Python\Python312\Lib\bz2.py first seen with mtime 1696281958.0
File C:\Users\Mobin\AppData\Local\Programs\Python\Python312\Lib\site-packages\django\contrib\admin\templatetags\admin_urls.py first seen with mtime 1728497998.3353157
File C:\Users\Mobin\AppData\Local\Programs\Python\Python312\Lib\site-packages\django\contrib\contenttypes\forms.py first seen with mtime 1728497998.7363386
File C:\Users\Mobin\AppData\Local\Programs\Python\Python312\Lib\asyncio\runners.py first seen with mtime 1696281958.0
File C:\Users\Mobin\AppData\Local\Programs\Python\Python312\Lib\site-packages\django\template\context.py first seen with mtime 1728498000.0574646
File C:\Users\Mobin\AppData\Local\Programs\Python\Python312\Lib\site-packages\django\views\static.py first seen with mtime 1728498000.1091475
File C:\Users\Mobin\AppData\Local\Programs\Python\Python312\Lib\site-packages\asgiref\local.py first seen with mtime 1728497996.620033
File C:\Users\Mobin\AppData\Local\Programs\Python\Python312\Lib\site-packages\django\contrib\contenttypes\views.py first seen with mtime 1728497998.75194
File C:\Users\Mobin\AppData\Local\Programs\Python\Python312\Lib\site-packages\django\views\debug.py first seen with mtime 1728498000.1091475
File C:\Users\Mobin\AppData\Local\Programs\Python\Python312\Lib\site-packages\django\templatetags\tz.py first seen with mtime 1728498000.0730867
File C:\Users\Mobin\AppData\Local\Programs\Python\Python312\Lib\site-packages\django\conf\locale\__init__.py first seen with mtime 1728497997.6932807
File C:\Users\Mobin\AppData\Local\Programs\Python\Python312\Lib\site-packages\django\contrib\sites\requests.py first seen with mtime 1728497999.7506123
File C:\Users\Mobin\AppData\Local\Programs\Python\Python312\Lib\site-packages\django\core\files\images.py first seen with mtime 1728497999.8856292
File C:\Users\Mobin\AppData\Local\Programs\Python\Python312\Lib\site-packages\django\db\migrations\migration.py first seen with mtime 1728497999.9637365
File C:\Users\Mobin\AppData\Local\Programs\Python\Python312\DLLs\_zoneinfo.pyd first seen with mtime 1696282030.0
File C:\Users\Mobin\AppData\Local\Programs\Python\Python312\Lib\site-packages\django\core\serializers\python.py first seen with mtime 1728497999.916872
File C:\Users\Mobin\AppData\Local\Programs\Python\Python312\Lib\site-packages\django\views\decorators\cache.py first seen with mtime 1728498000.1091475
File C:\Users\Mobin\AppData\Local\Programs\Python\Python312\Lib\email\policy.py first seen with mtime 1696281958.0
File C:\Users\Mobin\AppData\Local\Programs\Python\Python312\Lib\site-packages\django_jalali\__init__.py first seen with mtime 1707828604.6792765
File C:\Users\Mobin\AppData\Local\Programs\Python\Python312\Lib\asyncio\coroutines.py first seen with mtime 1696281958.0
File C:\Users\Mobin\AppData\Local\Programs\Python\Python312\Lib\site-packages\django\core\signals.py first seen with mtime 1728497999.8700097
File C:\Users\Mobin\Desktop\khoshkshoyi\product\apps.py first seen with mtime 1730568523.1109588
File C:\Users\Mobin\AppData\Local\Programs\Python\Python312\Lib\site-packages\django\db\backends\base\introspection.py first seen with mtime 1728497999.9324932
File C:\Users\Mobin\AppData\Local\Programs\Python\Python312\Lib\re\_constants.py first seen with mtime 1696281958.0
File C:\Users\Mobin\AppData\Local\Programs\Python\Python312\Lib\site-packages\django\http\multipartparser.py first seen with mtime 1728498000.0418434
File C:\Users\Mobin\AppData\Local\Programs\Python\Python312\Lib\asyncio\log.py first seen with mtime 1696281958.0
File C:\Users\Mobin\AppData\Local\Programs\Python\Python312\Lib\site-packages\django\db\models\fields\proxy.py first seen with mtime 1728497999.979359
File C:\Users\Mobin\AppData\Local\Programs\Python\Python312\Lib\asyncio\base_futures.py first seen with mtime 1696281958.0
File C:\Users\Mobin\AppData\Local\Programs\Python\Python312\Lib\site-packages\django\db\models\sql\__init__.py first seen with mtime 1728497999.979359
File C:\Users\Mobin\AppData\Local\Programs\Python\Python312\Lib\graphlib.py first seen with mtime 1696281958.0
File C:\Users\Mobin\AppData\Local\Programs\Python\Python312\Lib\site-packages\django\core\files\__init__.py first seen with mtime 1728497999.8856292
File C:\Users\Mobin\AppData\Local\Programs\Python\Python312\Lib\functools.py first seen with mtime 1696281958.0
File C:\Users\Mobin\AppData\Local\Programs\Python\Python312\Lib\site-packages\django\contrib\messages\storage\__init__.py first seen with mtime 1728497999.316823
File C:\Users\Mobin\AppData\Local\Programs\Python\Python312\Lib\site-packages\django\urls\exceptions.py first seen with mtime 1728498000.0730867
File C:\Users\Mobin\AppData\Local\Programs\Python\Python312\Lib\json\__init__.py first seen with mtime 1696281958.0
File C:\Users\Mobin\AppData\Local\Programs\Python\Python312\Lib\site-packages\django\db\backends\base\creation.py first seen with mtime 1728497999.9324932
File C:\Users\Mobin\AppData\Local\Programs\Python\Python312\Lib\urllib\request.py first seen with mtime 1696281958.0
File C:\Users\Mobin\AppData\Local\Programs\Python\Python312\Lib\site-packages\django\db\models\sql\query.py first seen with mtime 1728497999.9949803
File C:\Users\Mobin\AppData\Local\Programs\Python\Python312\Lib\asyncio\futures.py first seen with mtime 1696281958.0
File C:\Users\Mobin\AppData\Local\Programs\Python\Python312\Lib\site-packages\django\template\loaders\base.py first seen with mtime 1728498000.0574646
File C:\Users\Mobin\AppData\Local\Programs\Python\Python312\Lib\site-packages\django\core\checks\registry.py first seen with mtime 1728497999.8856292
File C:\Users\Mobin\AppData\Local\Programs\Python\Python312\Lib\site-packages\django\contrib\admin\actions.py first seen with mtime 1728497997.9893875
File C:\Users\Mobin\AppData\Local\Programs\Python\Python312\Lib\site-packages\django\core\handlers\base.py first seen with mtime 1728497999.9012506
File C:\Users\Mobin\AppData\Local\Programs\Python\Python312\Lib\site-packages\django\views\decorators\__init__.py first seen with mtime 1728498000.1091475
File C:\Users\Mobin\AppData\Local\Programs\Python\Python312\Lib\site-packages\django\core\handlers\wsgi.py first seen with mtime 1728497999.9012506
File C:\Users\Mobin\AppData\Local\Programs\Python\Python312\Lib\site-packages\django\views\generic\edit.py first seen with mtime 1728498000.1091475
File C:\Users\Mobin\AppData\Local\Programs\Python\Python312\Lib\site-packages\django\db\models\sql\subqueries.py first seen with mtime 1728497999.9949803
File C:\Users\Mobin\AppData\Local\Programs\Python\Python312\Lib\sqlite3\__init__.py first seen with mtime 1696281958.0
File C:\Users\Mobin\AppData\Local\Programs\Python\Python312\Lib\site-packages\django\utils\decorators.py first seen with mtime 1728498000.0928404
File C:\Users\Mobin\AppData\Local\Programs\Python\Python312\Lib\importlib\_abc.py first seen with mtime 1696281958.0
File C:\Users\Mobin\AppData\Local\Programs\Python\Python312\Lib\site-packages\django\db\models\fields\mixins.py first seen with mtime 1728497999.979359
File C:\Users\Mobin\AppData\Local\Programs\Python\Python312\Lib\site-packages\sqlparse\filters\aligned_indent.py first seen with mtime 1726476048.8935814
File C:\Users\Mobin\AppData\Local\Programs\Python\Python312\Lib\site-packages\django\contrib\staticfiles\management\commands\__init__.py first seen with mtime 1728497999.8700097
File C:\Users\Mobin\AppData\Local\Programs\Python\Python312\Lib\site-packages\django\core\checks\messages.py first seen with mtime 1728497999.8856292
File C:\Users\Mobin\AppData\Local\Programs\Python\Python312\Lib\site-packages\sqlparse\keywords.py first seen with mtime 1726476048.8895926
File C:\Users\Mobin\AppData\Local\Programs\Python\Python312\Lib\site-packages\django\contrib\auth\models.py first seen with mtime 1728497998.4759102
File C:\Users\Mobin\AppData\Local\Programs\Python\Python312\Lib\_compression.py first seen with mtime 1696281958.0
File C:\Users\Mobin\AppData\Local\Programs\Python\Python312\Lib\site-packages\django\contrib\staticfiles\checks.py first seen with mtime 1728497999.8543825
File C:\Users\Mobin\AppData\Local\Programs\Python\Python312\Lib\site-packages\django\contrib\admin\templatetags\__init__.py first seen with mtime 1728497998.3353157
File C:\Users\Mobin\AppData\Local\Programs\Python\Python312\Lib\site-packages\django\contrib\admin\templatetags\base.py first seen with mtime 1728497998.3353157
File C:\Users\Mobin\AppData\Local\Programs\Python\Python312\Lib\re\__init__.py first seen with mtime 1696281958.0
File C:\Users\Mobin\AppData\Local\Programs\Python\Python312\Lib\wsgiref\headers.py first seen with mtime 1696281958.0
File C:\Users\Mobin\AppData\Local\Programs\Python\Python312\Lib\asyncio\taskgroups.py first seen with mtime 1696281958.0
File C:\Users\Mobin\AppData\Local\Programs\Python\Python312\Lib\site-packages\django\core\mail\utils.py first seen with mtime 1728497999.9012506
File C:\Users\Mobin\AppData\Local\Programs\Python\Python312\DLLs\_hashlib.pyd first seen with mtime 1696282028.0
File C:\Users\Mobin\AppData\Local\Programs\Python\Python312\Lib\email\mime\text.py first seen with mtime 1696281958.0
File C:\Users\Mobin\AppData\Local\Programs\Python\Python312\Lib\_markupbase.py first seen with mtime 1696281958.0
File C:\Users\Mobin\AppData\Local\Programs\Python\Python312\Lib\site-packages\django\contrib\admin\__init__.py first seen with mtime 1728497997.9893875
File C:\Users\Mobin\AppData\Local\Programs\Python\Python312\Lib\asyncio\base_events.py first seen with mtime 1696281958.0
File C:\Users\Mobin\AppData\Local\Programs\Python\Python312\Lib\site-packages\django\urls\utils.py first seen with mtime 1728498000.0838654
File C:\Users\Mobin\AppData\Local\Programs\Python\Python312\Lib\site-packages\django\template\backends\base.py first seen with mtime 1728498000.0574646
File C:\Users\Mobin\Desktop\khoshkshoyi\khoshkshoyi\urls.py first seen with mtime 1730568523.1049747
File C:\Users\Mobin\AppData\Local\Programs\Python\Python312\Lib\locale.py first seen with mtime 1696281958.0
File C:\Users\Mobin\AppData\Local\Programs\Python\Python312\Lib\site-packages\django\views\decorators\debug.py first seen with mtime 1728498000.1091475
File C:\Users\Mobin\Desktop\khoshkshoyi\home\models.py first seen with mtime 1730568523.098991
File C:\Users\Mobin\AppData\Local\Programs\Python\Python312\Lib\keyword.py first seen with mtime 1696281958.0
File C:\Users\Mobin\AppData\Local\Programs\Python\Python312\Lib\re\_compiler.py first seen with mtime 1696281958.0
File C:\Users\Mobin\AppData\Local\Programs\Python\Python312\Lib\json\decoder.py first seen with mtime 1696281958.0
File C:\Users\Mobin\AppData\Local\Programs\Python\Python312\Lib\platform.py first seen with mtime 1696281958.0
File C:\Users\Mobin\AppData\Local\Programs\Python\Python312\Lib\site-packages\django\contrib\contenttypes\models.py first seen with mtime 1728497998.7363386
File C:\Users\Mobin\AppData\Local\Programs\Python\Python312\Lib\site-packages\django\db\models\enums.py first seen with mtime 1728497999.9637365
File C:\Users\Mobin\AppData\Local\Programs\Python\Python312\Lib\bisect.py first seen with mtime 1696281958.0
File C:\Users\Mobin\Desktop\khoshkshoyi\product\urls.py first seen with mtime 1730568523.1329
File C:\Users\Mobin\AppData\Local\Programs\Python\Python312\Lib\subprocess.py first seen with mtime 1696281958.0
File C:\Users\Mobin\AppData\Local\Programs\Python\Python312\Lib\site-packages\django\utils\choices.py first seen with mtime 1728498000.0888507
File C:\Users\Mobin\AppData\Local\Programs\Python\Python312\Lib\site-packages\django\db\models\base.py first seen with mtime 1728497999.9637365
File C:\Users\Mobin\AppData\Local\Programs\Python\Python312\Lib\email\_parseaddr.py first seen with mtime 1696281958.0
File C:\Users\Mobin\AppData\Local\Programs\Python\Python312\Lib\site-packages\sqlparse\tokens.py first seen with mtime 1726476048.8905897
File C:\Users\Mobin\AppData\Local\Programs\Python\Python312\Lib\site-packages\django\core\mail\__init__.py first seen with mtime 1728497999.9012506
File C:\Users\Mobin\AppData\Local\Programs\Python\Python312\Lib\site-packages\django\forms\models.py first seen with mtime 1728497999.9949803
File C:\Users\Mobin\AppData\Local\Programs\Python\Python312\Lib\site-packages\django\contrib\messages\apps.py first seen with mtime 1728497999.316823
File C:\Users\Mobin\AppData\Local\Programs\Python\Python312\Lib\asyncio\proactor_events.py first seen with mtime 1696281958.0
File C:\Users\Mobin\AppData\Local\Programs\Python\Python312\Lib\site-packages\django\core\files\uploadedfile.py first seen with mtime 1728497999.8856292
File C:\Users\Mobin\AppData\Local\Programs\Python\Python312\Lib\site-packages\django\template\engine.py first seen with mtime 1728498000.0574646
File C:\Users\Mobin\Desktop\khoshkshoyi\product\admin.py first seen with mtime 1730568523.1109588
File C:\Users\Mobin\AppData\Local\Programs\Python\Python312\Lib\site-packages\django\contrib\staticfiles\management\commands\runserver.py first seen with mtime 1728497999.8700097
File C:\Users\Mobin\AppData\Local\Programs\Python\Python312\Lib\site-packages\django\core\exceptions.py first seen with mtime 1728497999.8700097
File C:\Users\Mobin\AppData\Local\Programs\Python\Python312\Lib\typing.py first seen with mtime 1696281958.0
File C:\Users\Mobin\AppData\Local\Programs\Python\Python312\Lib\site-packages\django\contrib\admin\templatetags\admin_modify.py first seen with mtime 1728497998.3353157
File C:\Users\Mobin\AppData\Local\Programs\Python\Python312\Lib\site-packages\django\contrib\messages\__init__.py first seen with mtime 1728497999.316823
File C:\Users\Mobin\AppData\Local\Programs\Python\Python312\Lib\site-packages\jdatetime\__init__.py first seen with mtime 1707828587.9739418
File C:\Users\Mobin\AppData\Local\Programs\Python\Python312\Lib\site-packages\django\core\files\storage\memory.py first seen with mtime 1728497999.9012506
File C:\Users\Mobin\Desktop\khoshkshoyi\home\__init__.py first seen with mtime 1730568523.0930374
File C:\Users\Mobin\AppData\Local\Programs\Python\Python312\Lib\http\server.py first seen with mtime 1696281958.0
File C:\Users\Mobin\AppData\Local\Programs\Python\Python312\Lib\email\header.py first seen with mtime 1696281958.0
File C:\Users\Mobin\AppData\Local\Programs\Python\Python312\Lib\site-packages\django\contrib\staticfiles\management\__init__.py first seen with mtime 1728497999.8700097
File C:\Users\Mobin\AppData\Local\Programs\Python\Python312\Lib\site-packages\django\contrib\admin\apps.py first seen with mtime 1728497997.9893875
File C:\Users\Mobin\AppData\Local\Programs\Python\Python312\Lib\dataclasses.py first seen with mtime 1696281958.0
File C:\Users\Mobin\AppData\Local\Programs\Python\Python312\Lib\zoneinfo\_common.py first seen with mtime 1696281958.0
File C:\Users\Mobin\AppData\Local\Programs\Python\Python312\DLLs\_wmi.pyd first seen with mtime 1696282028.0
File C:\Users\Mobin\AppData\Local\Programs\Python\Python312\Lib\site-packages\django\core\paginator.py first seen with mtime 1728497999.8700097
File C:\Users\Mobin\AppData\Local\Programs\Python\Python312\Lib\site-packages\django\core\checks\caches.py first seen with mtime 1728497999.8856292
File C:\Users\Mobin\AppData\Local\Programs\Python\Python312\Lib\site-packages\django\db\backends\ddl_references.py first seen with mtime 1728497999.9324932
File C:\Users\Mobin\AppData\Local\Programs\Python\Python312\Lib\site-packages\django\template\smartif.py first seen with mtime 1728498000.0574646
File C:\Users\Mobin\AppData\Local\Programs\Python\Python312\Lib\site-packages\django\template\defaultfilters.py first seen with mtime 1728498000.0574646
File C:\Users\Mobin\AppData\Local\Programs\Python\Python312\Lib\mimetypes.py first seen with mtime 1696281958.0
File C:\Users\Mobin\AppData\Local\Programs\Python\Python312\Lib\site-packages\django\db\models\fields\related_lookups.py first seen with mtime 1728497999.979359
File C:\Users\Mobin\AppData\Local\Programs\Python\Python312\Lib\site-packages\django\utils\translation\reloader.py first seen with mtime 1728498000.093526
File C:\Users\Mobin\Desktop\khoshkshoyi\product\models.py first seen with mtime 1730568523.1299095
File C:\Users\Mobin\AppData\Local\Programs\Python\Python312\Lib\site-packages\django\contrib\admin\sites.py first seen with mtime 1728497998.004997
File C:\Users\Mobin\AppData\Local\Programs\Python\Python312\Lib\site-packages\django\template\loaders\cached.py first seen with mtime 1728498000.0574646
File C:\Users\Mobin\AppData\Local\Programs\Python\Python312\Lib\site-packages\django\template\loaders\__init__.py first seen with mtime 1728498000.0574646
File C:\Users\Mobin\AppData\Local\Programs\Python\Python312\Lib\site-packages\django\apps\registry.py first seen with mtime 1728497997.689291
File C:\Users\Mobin\AppData\Local\Programs\Python\Python312\Lib\nturl2path.py first seen with mtime 1696281958.0
File C:\Users\Mobin\AppData\Local\Programs\Python\Python312\Lib\site-packages\django\db\models\functions\comparison.py first seen with mtime 1728497999.979359
File C:\Users\Mobin\AppData\Local\Programs\Python\Python312\Lib\_weakrefset.py first seen with mtime 1696281958.0
File C:\Users\Mobin\AppData\Local\Programs\Python\Python312\Lib\site-packages\asgiref\sync.py first seen with mtime 1728497996.6220267
File C:\Users\Mobin\AppData\Local\Programs\Python\Python312\Lib\site-packages\django\template\loaders\app_directories.py first seen with mtime 1728498000.0574646
File C:\Users\Mobin\AppData\Local\Programs\Python\Python312\Lib\asyncio\threads.py first seen with mtime 1696281958.0
File C:\Users\Mobin\AppData\Local\Programs\Python\Python312\Lib\html\__init__.py first seen with mtime 1696281958.0
File C:\Users\Mobin\AppData\Local\Programs\Python\Python312\Lib\uuid.py first seen with mtime 1696281958.0
File C:\Users\Mobin\AppData\Local\Programs\Python\Python312\Lib\site-packages\django\contrib\auth\password_validation.py first seen with mtime 1728497998.4759102
File C:\Users\Mobin\AppData\Local\Programs\Python\Python312\Lib\site-packages\django\db\models\constraints.py first seen with mtime 1728497999.9637365
File C:\Users\Mobin\AppData\Local\Programs\Python\Python312\Lib\site-packages\django\apps\config.py first seen with mtime 1728497997.688294
File C:\Users\Mobin\AppData\Local\Programs\Python\Python312\Lib\site-packages\django\core\files\temp.py first seen with mtime 1728497999.8856292
File C:\Users\Mobin\AppData\Local\Programs\Python\Python312\Lib\site-packages\django\core\signing.py first seen with mtime 1728497999.8700097
File C:\Users\Mobin\AppData\Local\Programs\Python\Python312\Lib\site-packages\django\db\models\fields\related_descriptors.py first seen with mtime 1728497999.979359
File C:\Users\Mobin\Desktop\khoshkshoyi\product\__init__.py first seen with mtime 1730568523.105972
File C:\Users\Mobin\AppData\Local\Programs\Python\Python312\Lib\wsgiref\handlers.py first seen with mtime 1696281958.0
File C:\Users\Mobin\AppData\Local\Programs\Python\Python312\Lib\encodings\utf_8.py first seen with mtime 1696281958.0
File C:\Users\Mobin\AppData\Local\Programs\Python\Python312\Lib\site-packages\django\db\backends\base\operations.py first seen with mtime 1728497999.9324932
File C:\Users\Mobin\AppData\Local\Programs\Python\Python312\Lib\site-packages\django\core\cache\__init__.py first seen with mtime 1728497999.8700097
File C:\Users\Mobin\AppData\Local\Programs\Python\Python312\Lib\site-packages\django\templatetags\static.py first seen with mtime 1728498000.0730867
File C:\Users\Mobin\AppData\Local\Programs\Python\Python312\Lib\email\_policybase.py first seen with mtime 1696281958.0
File C:\Users\Mobin\AppData\Local\Programs\Python\Python312\Lib\site-packages\django\db\transaction.py first seen with mtime 1728497999.9324932
File C:\Users\Mobin\AppData\Local\Programs\Python\Python312\DLLs\_sqlite3.pyd first seen with mtime 1696282030.0
File C:\Users\Mobin\AppData\Local\Programs\Python\Python312\Lib\site-packages\django\http\response.py first seen with mtime 1728498000.0418434
File C:\Users\Mobin\AppData\Local\Programs\Python\Python312\Lib\glob.py first seen with mtime 1696281958.0
File C:\Users\Mobin\AppData\Local\Programs\Python\Python312\Lib\collections\abc.py first seen with mtime 1696281958.0
File C:\Users\Mobin\AppData\Local\Programs\Python\Python312\Lib\difflib.py first seen with mtime 1696281958.0
File C:\Users\Mobin\AppData\Local\Programs\Python\Python312\Lib\email\charset.py first seen with mtime 1696281958.0
File C:\Users\Mobin\AppData\Local\Programs\Python\Python312\Lib\gzip.py first seen with mtime 1696281958.0
File C:\Users\Mobin\AppData\Local\Programs\Python\Python312\Lib\site-packages\django\db\migrations\state.py first seen with mtime 1728497999.9637365
File C:\Users\Mobin\AppData\Local\Programs\Python\Python312\Lib\site-packages\django\forms\formsets.py first seen with mtime 1728497999.9949803
File C:\Users\Mobin\AppData\Local\Programs\Python\Python312\Lib\site-packages\django\contrib\__init__.py first seen with mtime 1728497997.9893875
File C:\Users\Mobin\AppData\Local\Programs\Python\Python312\Lib\site-packages\django\__init__.py first seen with mtime 1728497997.6862998
File C:\Users\Mobin\AppData\Local\Programs\Python\Python312\Lib\site-packages\django\forms\widgets.py first seen with mtime 1728497999.9949803
File C:\Users\Mobin\Desktop\khoshkshoyi\khoshkshoyi\settings.py first seen with mtime 1730610116.9904644
File C:\Users\Mobin\AppData\Local\Programs\Python\Python312\Lib\site-packages\whitenoise\base.py first seen with mtime 1728837995.770142
File C:\Users\Mobin\AppData\Local\Programs\Python\Python312\Lib\site-packages\django\db\models\query.py first seen with mtime 1728497999.979359
File C:\Users\Mobin\AppData\Local\Programs\Python\Python312\Lib\email\mime\base.py first seen with mtime 1696281958.0
File C:\Users\Mobin\AppData\Local\Programs\Python\Python312\Lib\site-packages\django\core\servers\basehttp.py first seen with mtime 1728497999.916872
File C:\Users\Mobin\AppData\Local\Programs\Python\Python312\Lib\site-packages\django\utils\encoding.py first seen with mtime 1728498000.093526
File C:\Users\Mobin\AppData\Local\Programs\Python\Python312\Lib\site-packages\django\urls\conf.py first seen with mtime 1728498000.0730867
File C:\Users\Mobin\AppData\Local\Programs\Python\Python312\Lib\site-packages\django\db\models\fields\generated.py first seen with mtime 1728497999.979359
File C:\Users\Mobin\AppData\Local\Programs\Python\Python312\Lib\site-packages\django\db\migrations\operations\fields.py first seen with mtime 1728497999.9637365
File C:\Users\Mobin\AppData\Local\Programs\Python\Python312\Lib\site-packages\django\middleware\security.py first seen with mtime 1728498000.0574646
File C:\Users\Mobin\AppData\Local\Programs\Python\Python312\Lib\site-packages\sqlparse\__init__.py first seen with mtime 1726476048.8865993
File C:\Users\Mobin\AppData\Local\Programs\Python\Python312\Lib\asyncio\windows_utils.py first seen with mtime 1696281958.0
File C:\Users\Mobin\AppData\Local\Programs\Python\Python312\Lib\zoneinfo\_tzpath.py first seen with mtime 1696281958.0
File C:\Users\Mobin\AppData\Local\Programs\Python\Python312\Lib\site-packages\django\db\models\deletion.py first seen with mtime 1728497999.9637365
File C:\Users\Mobin\Desktop\khoshkshoyi\product\templates\sabt.html first seen with mtime 1730568523.1299095
File C:\Users\Mobin\Desktop\khoshkshoyi\product\templates\sefaresh.html first seen with mtime 1730568523.1309056
File C:\Users\Mobin\Desktop\khoshkshoyi\product\templates\success.html first seen with mtime 1730568523.1319027
File C:\Users\Mobin\Desktop\khoshkshoyi\home\templates\404.html first seen with mtime 1730568523.098991
File C:\Users\Mobin\Desktop\khoshkshoyi\home\templates\home.html first seen with mtime 1730568523.099988
File C:\Users\Mobin\AppData\Local\Programs\Python\Python312\Lib\site-packages\django\contrib\auth\migrations\0010_alter_group_name_max_length.py first seen with mtime 1728497998.5957263
File C:\Users\Mobin\Desktop\khoshkshoyi\home\migrations\__init__.py first seen with mtime 1730568523.0979936
File C:\Users\Mobin\AppData\Local\Programs\Python\Python312\Lib\site-packages\whitenoise\responders.py first seen with mtime 1728837995.7731347
File C:\Users\Mobin\AppData\Local\Programs\Python\Python312\Lib\site-packages\django\contrib\auth\migrations\0008_alter_user_username_max_length.py first seen with mtime 1728497998.5957263
File C:\Users\Mobin\AppData\Local\Programs\Python\Python312\Lib\site-packages\django\contrib\admin\migrations\0002_logentry_remove_auto_add.py first seen with mtime 1728497998.2340791
File C:\Users\Mobin\AppData\Local\Programs\Python\Python312\Lib\site-packages\django\contrib\auth\migrations\0003_alter_user_email_max_length.py first seen with mtime 1728497998.5957263
File C:\Users\Mobin\AppData\Local\Programs\Python\Python312\Lib\site-packages\django\contrib\auth\migrations\0009_alter_user_last_name_max_length.py first seen with mtime 1728497998.5957263
File C:\Users\Mobin\AppData\Local\Programs\Python\Python312\Lib\site-packages\django\contrib\admin\migrations\0003_logentry_add_action_flag_choices.py first seen with mtime 1728497998.2340791
File C:\Users\Mobin\AppData\Local\Programs\Python\Python312\Lib\site-packages\django\contrib\contenttypes\migrations\__init__.py first seen with mtime 1728497998.8713455
File C:\Users\Mobin\AppData\Local\Programs\Python\Python312\Lib\site-packages\whitenoise\middleware.py first seen with mtime 1728837995.7721374
File C:\Users\Mobin\AppData\Local\Programs\Python\Python312\Lib\site-packages\django\contrib\messages\middleware.py first seen with mtime 1728497999.316823
File C:\Users\Mobin\AppData\Local\Programs\Python\Python312\Lib\site-packages\django\contrib\auth\migrations\0001_initial.py first seen with mtime 1728497998.5957263
File C:\Users\Mobin\AppData\Local\Programs\Python\Python312\Lib\site-packages\django\contrib\contenttypes\migrations\0002_remove_content_type_name.py first seen with mtime 1728497998.8713455
File C:\Users\Mobin\AppData\Local\Programs\Python\Python312\Lib\site-packages\django\contrib\auth\migrations\0011_update_proxy_permissions.py first seen with mtime 1728497998.5957263
File C:\Users\Mobin\AppData\Local\Programs\Python\Python312\Lib\site-packages\django\views\csrf.py first seen with mtime 1728498000.1091475
File C:\Users\Mobin\AppData\Local\Programs\Python\Python312\Lib\site-packages\django\contrib\staticfiles\storage.py first seen with mtime 1728497999.8543825
File C:\Users\Mobin\AppData\Local\Programs\Python\Python312\Lib\site-packages\django\contrib\sessions\backends\base.py first seen with mtime 1728497999.616638
File C:\Users\Mobin\AppData\Local\Programs\Python\Python312\Lib\site-packages\django\db\migrations\executor.py first seen with mtime 1728497999.9637365
File C:\Users\Mobin\AppData\Local\Programs\Python\Python312\Lib\site-packages\django\contrib\auth\migrations\0006_require_contenttypes_0002.py first seen with mtime 1728497998.5957263
File C:\Users\Mobin\AppData\Local\Programs\Python\Python312\Lib\site-packages\django\contrib\auth\migrations\0007_alter_validators_add_error_messages.py first seen with mtime 1728497998.5957263
File C:\Users\Mobin\AppData\Local\Programs\Python\Python312\Lib\site-packages\django\db\models\sql\compiler.py first seen with mtime 1728497999.979359
File C:\Users\Mobin\AppData\Local\Programs\Python\Python312\Lib\site-packages\django\contrib\auth\migrations\0004_alter_user_username_opts.py first seen with mtime 1728497998.5957263
File C:\Users\Mobin\AppData\Local\Programs\Python\Python312\Lib\site-packages\django\contrib\auth\migrations\0012_alter_user_first_name_max_length.py first seen with mtime 1728497998.5957263
File C:\Users\Mobin\Desktop\khoshkshoyi\product\migrations\__init__.py first seen with mtime 1730569434.5071
File C:\Users\Mobin\AppData\Local\Programs\Python\Python312\Lib\site-packages\django\contrib\admin\migrations\__init__.py first seen with mtime 1728497998.2340791
File C:\Users\Mobin\AppData\Local\Programs\Python\Python312\Lib\site-packages\django\contrib\auth\migrations\__init__.py first seen with mtime 1728497998.5957263
File C:\Users\Mobin\AppData\Local\Programs\Python\Python312\Lib\site-packages\whitenoise\storage.py first seen with mtime 1728837995.7731347
File C:\Users\Mobin\AppData\Local\Programs\Python\Python312\Lib\site-packages\django\contrib\sessions\middleware.py first seen with mtime 1728497999.616638
File C:\Users\Mobin\AppData\Local\Programs\Python\Python312\Lib\site-packages\django\contrib\admin\migrations\0001_initial.py first seen with mtime 1728497998.2340791
File C:\Users\Mobin\Desktop\khoshkshoyi\product\migrations\0003_alter_open_open_alter_sefaresh_vaziat.py first seen with mtime 1730609954.4820094
File C:\Users\Mobin\AppData\Local\Programs\Python\Python312\Lib\site-packages\django\contrib\sessions\exceptions.py first seen with mtime 1728497999.616638
File C:\Users\Mobin\AppData\Local\Programs\Python\Python312\Lib\site-packages\django\middleware\common.py first seen with mtime 1728498000.0418434
File C:\Users\Mobin\AppData\Local\Programs\Python\Python312\Lib\site-packages\whitenoise\compress.py first seen with mtime 1728837995.7711413
File C:\Users\Mobin\AppData\Local\Programs\Python\Python312\Lib\stringprep.py first seen with mtime 1696281958.0
File C:\Users\Mobin\AppData\Local\Programs\Python\Python312\Lib\site-packages\django\contrib\sessions\migrations\0001_initial.py first seen with mtime 1728497999.7349913
File C:\Users\Mobin\AppData\Local\Programs\Python\Python312\Lib\site-packages\django\middleware\clickjacking.py first seen with mtime 1728498000.0418434
File C:\Users\Mobin\AppData\Local\Programs\Python\Python312\Lib\site-packages\django\contrib\sessions\backends\__init__.py first seen with mtime 1728497999.616638
File C:\Users\Mobin\Desktop\khoshkshoyi\khoshkshoyi\wsgi.py first seen with mtime 1730568523.1049747
File C:\Users\Mobin\AppData\Local\Programs\Python\Python312\Lib\site-packages\django\contrib\auth\migrations\0005_alter_user_last_login_null.py first seen with mtime 1728497998.5957263
File C:\Users\Mobin\AppData\Local\Programs\Python\Python312\Lib\site-packages\django\contrib\sessions\migrations\__init__.py first seen with mtime 1728497999.7349913
File C:\Users\Mobin\AppData\Local\Programs\Python\Python312\Lib\site-packages\whitenoise\string_utils.py first seen with mtime 1728837995.774131
File C:\Users\Mobin\AppData\Local\Programs\Python\Python312\Lib\site-packages\django\core\cache\backends\locmem.py first seen with mtime 1728497999.8700097
File C:\Users\Mobin\AppData\Local\Programs\Python\Python312\Lib\site-packages\django\db\migrations\graph.py first seen with mtime 1728497999.9637365
File C:\Users\Mobin\Desktop\khoshkshoyi\product\migrations\0001_initial.py first seen with mtime 1730569434.5100908
File C:\Users\Mobin\AppData\Local\Programs\Python\Python312\Lib\site-packages\django\db\migrations\recorder.py first seen with mtime 1728497999.9637365
File C:\Users\Mobin\AppData\Local\Programs\Python\Python312\Lib\site-packages\django\contrib\sessions\backends\db.py first seen with mtime 1728497999.616638
File C:\Users\Mobin\AppData\Local\Programs\Python\Python312\Lib\encodings\idna.py first seen with mtime 1696281958.0
File C:\Users\Mobin\AppData\Local\Programs\Python\Python312\Lib\site-packages\django\contrib\contenttypes\migrations\0001_initial.py first seen with mtime 1728497998.8713455
File C:\Users\Mobin\AppData\Local\Programs\Python\Python312\Lib\site-packages\django\db\migrations\loader.py first seen with mtime 1728497999.9637365
File C:\Users\Mobin\Desktop\khoshkshoyi\product\migrations\0002_alter_sefaresh_vaziat.py first seen with mtime 1730609940.9648106
File C:\Users\Mobin\AppData\Local\Programs\Python\Python312\Lib\site-packages\django\contrib\auth\migrations\0002_alter_permission_name_max_length.py first seen with mtime 1728497998.5957263
"GET /admin/product/open/ HTTP/1.1" 200 8973
"GET /admin/jsi18n/ HTTP/1.1" 200 3342
"GET /static/admin/js/vendor/jquery/jquery.min.js HTTP/1.1" 200 30336
"GET /static/admin/js/vendor/xregexp/xregexp.min.js HTTP/1.1" 200 46360
File C:\Users\Mobin\AppData\Local\Programs\Python\Python312\Lib\importlib\resources\abc.py first seen with mtime 1696281958.0
File C:\Users\Mobin\AppData\Local\Programs\Python\Python312\Lib\zipfile\__init__.py first seen with mtime 1696281958.0
File C:\Users\Mobin\AppData\Local\Programs\Python\Python312\Lib\site-packages\django\contrib\sessions\serializers.py first seen with mtime 1728497999.616638
File C:\Users\Mobin\AppData\Local\Programs\Python\Python312\Lib\zipfile\_path\__init__.py first seen with mtime 1696281958.0
File C:\Users\Mobin\AppData\Local\Programs\Python\Python312\Lib\zipfile\__main__.py first seen with mtime 1696281958.0
File C:\Users\Mobin\AppData\Local\Programs\Python\Python312\Lib\importlib\resources\__init__.py first seen with mtime 1696281958.0
File C:\Users\Mobin\AppData\Local\Programs\Python\Python312\Lib\importlib\resources\_itertools.py first seen with mtime 1696281958.0
File C:\Users\Mobin\AppData\Local\Programs\Python\Python312\Lib\importlib\resources\_common.py first seen with mtime 1696281958.0
File C:\Users\Mobin\AppData\Local\Programs\Python\Python312\Lib\site-packages\tzdata\__init__.py first seen with mtime 1726476048.4056008
File C:\Users\Mobin\AppData\Local\Programs\Python\Python312\Lib\zipfile\_path\glob.py first seen with mtime 1696281958.0
File C:\Users\Mobin\AppData\Local\Programs\Python\Python312\Lib\site-packages\django\template\context_processors.py first seen with mtime 1728498000.0574646
File C:\Users\Mobin\AppData\Local\Programs\Python\Python312\Lib\site-packages\django\conf\locale\en\__init__.py first seen with mtime 1728497997.7149067
File C:\Users\Mobin\AppData\Local\Programs\Python\Python312\Lib\site-packages\tzdata\zoneinfo\__init__.py first seen with mtime 1726476048.4275424
File C:\Users\Mobin\AppData\Local\Programs\Python\Python312\Lib\site-packages\django\contrib\auth\context_processors.py first seen with mtime 1728497998.4602895
File C:\Users\Mobin\AppData\Local\Programs\Python\Python312\Lib\importlib\resources\_legacy.py first seen with mtime 1696281958.0
File C:\Users\Mobin\AppData\Local\Programs\Python\Python312\Lib\importlib\resources\readers.py first seen with mtime 1696281958.0
File C:\Users\Mobin\AppData\Local\Programs\Python\Python312\Lib\site-packages\django\contrib\messages\context_processors.py first seen with mtime 1728497999.316823
File C:\Users\Mobin\AppData\Local\Programs\Python\Python312\Lib\site-packages\django\conf\locale\en\formats.py first seen with mtime 1728497997.7149067
File C:\Users\Mobin\AppData\Local\Programs\Python\Python312\Lib\importlib\resources\_adapters.py first seen with mtime 1696281958.0
File C:\Users\Mobin\AppData\Local\Programs\Python\Python312\Lib\site-packages\django\contrib\messages\storage\cookie.py first seen with mtime 1728497999.316823
File C:\Users\Mobin\AppData\Local\Programs\Python\Python312\Lib\site-packages\django\contrib\messages\storage\session.py first seen with mtime 1728497999.316823
File C:\Users\Mobin\AppData\Local\Programs\Python\Python312\Lib\importlib\readers.py first seen with mtime 1696281958.0
File C:\Users\Mobin\AppData\Local\Programs\Python\Python312\Lib\site-packages\django\contrib\messages\storage\fallback.py first seen with mtime 1728497999.316823
Not Found: /a
"GET /a HTTP/1.1" 404 4066
"GET / HTTP/1.1" 200 7816
